This is pdfTeX, Version 3.141592653-2.6-1.40.22 (TeX Live 2022/dev/Debian) (preloaded format=pdflatex 2023.7.18)  18 JUL 2023 10:09
entering extended mode
 restricted \write18 enabled.
 %&-line parsing enabled.
**refman
(./refman.tex
LaTeX2e <2021-11-15> patch level 1
L3 programming layer <2022-01-21>
(/usr/share/texlive/texmf-dist/tex/latex/base/book.cls
Document Class: book 2021/10/04 v1.4n Standard LaTeX document class
(/usr/share/texlive/texmf-dist/tex/latex/base/bk10.clo
File: bk10.clo 2021/10/04 v1.4n Standard LaTeX file (size option)
)
\c@part=\count185
\c@chapter=\count186
\c@section=\count187
\c@subsection=\count188
\c@subsubsection=\count189
\c@paragraph=\count190
\c@subparagraph=\count191
\c@figure=\count192
\c@table=\count193
\abovecaptionskip=\skip47
\belowcaptionskip=\skip48
\bibindent=\dimen138
)
(/usr/share/texlive/texmf-dist/tex/latex/base/ifthen.sty
Package: ifthen 2020/11/24 v1.1c Standard LaTeX ifthen package (DPC)
)
(/usr/share/texlive/texmf-dist/tex/latex/tools/array.sty
Rollback for package 'array' requested -> date 2016-10-06.
         Best approximation is the release introduced on 2016-10-06.

(/usr/share/texlive/texmf-dist/tex/latex/tools/array-2016-10-06.sty
Package: array 2016/10/06 v2.4d Tabular extension package (FMi)
\col@sep=\dimen139
\extrarowheight=\dimen140
\NC@list=\toks16
\extratabsurround=\skip49
\backup@length=\skip50
))
(/usr/share/texlive/texmf-dist/tex/latex/base/fixltx2e.sty
Package: fixltx2e 2016/12/29 v2.1a fixes to LaTeX (obsolete)
Applying: [2015/01/01] Old fixltx2e package on input line 46.


Package fixltx2e Warning: fixltx2e is not required with releases after 2015
(fixltx2e)                All fixes are now in the LaTeX kernel.
(fixltx2e)                See the latexrelease package for details.

Already applied: [0000/00/00] Old fixltx2e package on input line 53.
) (./doxygen.sty
Package: doxygen 
 (/usr/share/texlive/texmf-dist/tex/latex/base/alltt.sty
Package: alltt 2021/01/29 v2.0g defines alltt environment
)
(/usr/share/texlive/texmf-dist/tex/latex/tools/calc.sty
Package: calc 2017/05/25 v4.3 Infix arithmetic (KKT,FJ)
\calc@Acount=\count194
\calc@Bcount=\count195
\calc@Adimen=\dimen141
\calc@Bdimen=\dimen142
\calc@Askip=\skip51
\calc@Bskip=\skip52
LaTeX Info: Redefining \setlength on input line 80.
LaTeX Info: Redefining \addtolength on input line 81.
\calc@Ccount=\count196
\calc@Cskip=\skip53
)
(/usr/share/texlive/texmf-dist/tex/latex/float/float.sty
Package: float 2001/11/08 v1.3d Float enhancements (AL)
\c@float@type=\count197
\float@exts=\toks17
\float@box=\box50
\@float@everytoks=\toks18
\@floatcapt=\box51
)
(/usr/share/texlive/texmf-dist/tex/latex/tools/verbatim.sty
Package: verbatim 2020-07-07 v1.5u LaTeX2e package for verbatim enhancements
\every@verbatim=\toks19
\verbatim@line=\toks20
\verbatim@in@stream=\read2
)
(/usr/share/texlive/texmf-dist/tex/latex/xcolor/xcolor.sty
Package: xcolor 2021/10/31 v2.13 LaTeX color extensions (UK)

(/usr/share/texlive/texmf-dist/tex/latex/graphics-cfg/color.cfg
File: color.cfg 2016/01/02 v1.6 sample color configuration
)
Package xcolor Info: Driver file: pdftex.def on input line 227.

(/usr/share/texlive/texmf-dist/tex/latex/graphics-def/pdftex.def
File: pdftex.def 2020/10/05 v1.2a Graphics/color driver for pdftex
)
(/usr/share/texlive/texmf-dist/tex/latex/colortbl/colortbl.sty
Package: colortbl 2020/01/04 v1.0e Color table columns (DPC)
\everycr=\toks21
\minrowclearance=\skip54
)
\rownum=\count198
Package xcolor Info: Model `cmy' substituted by `cmy0' on input line 1352.
Package xcolor Info: Model `hsb' substituted by `rgb' on input line 1356.
Package xcolor Info: Model `RGB' extended on input line 1368.
Package xcolor Info: Model `HTML' substituted by `rgb' on input line 1370.
Package xcolor Info: Model `Hsb' substituted by `hsb' on input line 1371.
Package xcolor Info: Model `tHsb' substituted by `hsb' on input line 1372.
Package xcolor Info: Model `HSB' substituted by `hsb' on input line 1373.
Package xcolor Info: Model `Gray' substituted by `gray' on input line 1374.
Package xcolor Info: Model `wave' substituted by `hsb' on input line 1375.
)
(./longtable_doxygen.sty
Package: longtable_doxygen 2014/10/28 v4.11 Multi-page Table package (DPC) - fr
ozen version for doxygen
\LTleft=\skip55
\LTright=\skip56
\LTpre=\skip57
\LTpost=\skip58
\LTchunksize=\count199
\LTcapwidth=\dimen143
\LT@head=\box52
\LT@firsthead=\box53
\LT@foot=\box54
\LT@lastfoot=\box55
\LT@cols=\count266
\LT@rows=\count267
\c@LT@tables=\count268
\c@LT@chunks=\count269
\LT@p@ftn=\toks22
) (./tabu_doxygen.sty
Package: tabu_doxygen 2011/02/26 v2.8 - flexible LaTeX tabulars (FC), frozen ve
rsion for doxygen

(/usr/share/texlive/texmf-dist/tex/latex/varwidth/varwidth.sty
Package: varwidth 2009/03/30 ver 0.92;  Variable-width minipages
\@vwid@box=\box56
\sift@deathcycles=\count270
\@vwid@loff=\dimen144
\@vwid@roff=\dimen145
)
\c@taburow=\count271
\tabu@nbcols=\count272
\tabu@cnt=\count273
\tabu@Xcol=\count274
\tabu@alloc=\count275
\tabu@nested=\count276
\tabu@target=\dimen146
\tabu@spreadtarget=\dimen147
\tabu@naturalX=\dimen148
\tabucolX=\dimen149
\tabu@Xsum=\dimen150
\extrarowdepth=\dimen151
\abovetabulinesep=\dimen152
\belowtabulinesep=\dimen153
\tabustrutrule=\dimen154
\tabu@thebody=\toks23
\tabu@footnotes=\toks24
\tabu@box=\box57
\tabu@arstrutbox=\box58
\tabu@hleads=\box59
\tabu@vleads=\box60
\tabu@cellskip=\skip59
)
(/usr/share/texlive/texmf-dist/tex/latex/fancyvrb/fancyvrb.sty
Package: fancyvrb 2021/12/21 4.1b verbatim text (tvz,hv)

(/usr/share/texlive/texmf-dist/tex/latex/graphics/keyval.sty
Package: keyval 2014/10/28 v1.15 key=value parser (DPC)
\KV@toks@=\toks25
)
\FV@CodeLineNo=\count277
\FV@InFile=\read3
\FV@TabBox=\box61
\c@FancyVerbLine=\count278
\FV@StepNumber=\count279
\FV@OutFile=\write3
)
(/usr/share/texlive/texmf-dist/tex/latex/tools/tabularx.sty
Package: tabularx 2020/01/15 v2.11c `tabularx' package (DPC)
\TX@col@width=\dimen155
\TX@old@table=\dimen156
\TX@old@col=\dimen157
\TX@target=\dimen158
\TX@delta=\dimen159
\TX@cols=\count280
\TX@ftn=\toks26
)
(/usr/share/texlive/texmf-dist/tex/latex/tools/multicol.sty
Package: multicol 2021/10/28 v1.9b multicolumn formatting (FMi)
\c@tracingmulticols=\count281
\mult@box=\box62
\multicol@leftmargin=\dimen160
\c@unbalance=\count282
\c@collectmore=\count283
\doublecol@number=\count284
\multicoltolerance=\count285
\multicolpretolerance=\count286
\full@width=\dimen161
\page@free=\dimen162
\premulticols=\dimen163
\postmulticols=\dimen164
\multicolsep=\skip60
\multicolbaselineskip=\skip61
\partial@page=\box63
\last@line=\box64
\maxbalancingoverflow=\dimen165
\mult@rightbox=\box65
\mult@grightbox=\box66
\mult@firstbox=\box67
\mult@gfirstbox=\box68
\@tempa=\box69
\@tempa=\box70
\@tempa=\box71
\@tempa=\box72
\@tempa=\box73
\@tempa=\box74
\@tempa=\box75
\@tempa=\box76
\@tempa=\box77
\@tempa=\box78
\@tempa=\box79
\@tempa=\box80
\@tempa=\box81
\@tempa=\box82
\@tempa=\box83
\@tempa=\box84
\@tempa=\box85
\@tempa=\box86
\@tempa=\box87
\@tempa=\box88
\@tempa=\box89
\@tempa=\box90
\@tempa=\box91
\@tempa=\box92
\@tempa=\box93
\@tempa=\box94
\@tempa=\box95
\@tempa=\box96
\@tempa=\box97
\@tempa=\box98
\@tempa=\box99
\@tempa=\box100
\@tempa=\box101
\@tempa=\box102
\@tempa=\box103
\@tempa=\box104
\c@minrows=\count287
\c@columnbadness=\count288
\c@finalcolumnbadness=\count289
\last@try=\dimen166
\multicolovershoot=\dimen167
\multicolundershoot=\dimen168
\mult@nat@firstbox=\box105
\colbreak@box=\box106
\mc@col@check@num=\count290
)
(/usr/share/texlive/texmf-dist/tex/latex/multirow/multirow.sty
Package: multirow 2021/03/15 v2.8 Span multiple rows of a table
\multirow@colwidth=\skip62
\multirow@cntb=\count291
\multirow@dima=\skip63
\bigstrutjot=\dimen169
)
(/usr/share/texlive/texmf-dist/tex/latex/hanging/hanging.sty
Package: hanging 2009/09/02 v1.2b hanging paragraphs and punctuation
\h@ngcommawd=\skip64
\h@ngfstopwd=\skip65
\h@ngquotewd=\skip66
\h@ngdquotewd=\skip67
\h@ngquerywd=\skip68
\h@ngexclwd=\skip69
\h@ngcolonwd=\skip70
\h@ngscolonwd=\skip71
)
(/usr/share/texlive/texmf-dist/tex/generic/iftex/ifpdf.sty
Package: ifpdf 2019/10/25 v3.4 ifpdf legacy package. Use iftex instead.

(/usr/share/texlive/texmf-dist/tex/generic/iftex/iftex.sty
Package: iftex 2020/03/06 v1.0d TeX engine tests
))
(/usr/share/texlive/texmf-dist/tex/latex/adjustbox/adjustbox.sty
Package: adjustbox 2020/08/19 v1.3 Adjusting TeX boxes (trim, clip, ...)

(/usr/share/texlive/texmf-dist/tex/latex/xkeyval/xkeyval.sty
Package: xkeyval 2020/11/20 v2.8 package option processing (HA)

(/usr/share/texlive/texmf-dist/tex/generic/xkeyval/xkeyval.tex
(/usr/share/texlive/texmf-dist/tex/generic/xkeyval/xkvutils.tex
\XKV@toks=\toks27
\XKV@tempa@toks=\toks28
)
\XKV@depth=\count292
File: xkeyval.tex 2014/12/03 v2.7a key=value parser (HA)
))
(/usr/share/texlive/texmf-dist/tex/latex/adjustbox/adjcalc.sty
Package: adjcalc 2012/05/16 v1.1 Provides advanced setlength with multiple back
-ends (calc, etex, pgfmath)
)
(/usr/share/texlive/texmf-dist/tex/latex/adjustbox/trimclip.sty
Package: trimclip 2020/08/19 v1.2 Trim and clip general TeX material

(/usr/share/texlive/texmf-dist/tex/latex/graphics/graphicx.sty
Package: graphicx 2021/09/16 v1.2d Enhanced LaTeX Graphics (DPC,SPQR)

(/usr/share/texlive/texmf-dist/tex/latex/graphics/graphics.sty
Package: graphics 2021/03/04 v1.4d Standard LaTeX Graphics (DPC,SPQR)

(/usr/share/texlive/texmf-dist/tex/latex/graphics/trig.sty
Package: trig 2021/08/11 v1.11 sin cos tan (DPC)
)
(/usr/share/texlive/texmf-dist/tex/latex/graphics-cfg/graphics.cfg
File: graphics.cfg 2016/06/04 v1.11 sample graphics configuration
)
Package graphics Info: Driver file: pdftex.def on input line 107.
)
\Gin@req@height=\dimen170
\Gin@req@width=\dimen171
)
(/usr/share/texlive/texmf-dist/tex/latex/collectbox/collectbox.sty
Package: collectbox 2012/05/17 v0.4b Collect macro arguments as boxes
\collectedbox=\box107
)
\tc@llx=\dimen172
\tc@lly=\dimen173
\tc@urx=\dimen174
\tc@ury=\dimen175
Package trimclip Info: Using driver 'tc-pdftex.def'.

(/usr/share/texlive/texmf-dist/tex/latex/adjustbox/tc-pdftex.def
File: tc-pdftex.def 2019/01/04 v2.2 Clipping driver for pdftex
))
\adjbox@Width=\dimen176
\adjbox@Height=\dimen177
\adjbox@Depth=\dimen178
\adjbox@Totalheight=\dimen179
\adjbox@pwidth=\dimen180
\adjbox@pheight=\dimen181
\adjbox@pdepth=\dimen182
\adjbox@ptotalheight=\dimen183

(/usr/share/texlive/texmf-dist/tex/latex/ifoddpage/ifoddpage.sty
Package: ifoddpage 2016/04/23 v1.1 Conditionals for odd/even page detection
\c@checkoddpage=\count293
))
(/usr/share/texlive/texmf-dist/tex/latex/amsfonts/amssymb.sty
Package: amssymb 2013/01/14 v3.01 AMS font symbols

(/usr/share/texlive/texmf-dist/tex/latex/amsfonts/amsfonts.sty
Package: amsfonts 2013/01/14 v3.01 Basic AMSFonts support
\@emptytoks=\toks29
\symAMSa=\mathgroup4
\symAMSb=\mathgroup5
LaTeX Font Info:    Redeclaring math symbol \hbar on input line 98.
LaTeX Font Info:    Overwriting math alphabet `\mathfrak' in version `bold'
(Font)                  U/euf/m/n --> U/euf/b/n on input line 106.
))
(/usr/share/texlive/texmf-dist/tex/latex/stackengine/stackengine.sty
Package: stackengine 2021/07/22 v4.11\ Stacking text and objects in convenient 
ways

(/usr/share/texlive/texmf-dist/tex/latex/etoolbox/etoolbox.sty
Package: etoolbox 2020/10/05 v2.5k e-TeX tools for LaTeX (JAW)
\etb@tempcnta=\count294
)
(/usr/share/texlive/texmf-dist/tex/generic/listofitems/listofitems.sty
(/usr/share/texlive/texmf-dist/tex/generic/listofitems/listofitems.tex
\loi_cnt_foreach_nest=\count295
\loi_nestcnt=\count296
)
Package: listofitems 2019/08/21 v1.63 Grab items in lists using user-specified 
sep char (CT)
)
\c@@stackindex=\count297
\@boxshift=\skip72
\stack@tmplength=\skip73
\temp@stkl=\skip74
\@stackedboxwidth=\skip75
\@addedbox=\box108
\@anchorbox=\box109
\@insetbox=\box110
\se@backgroundbox=\box111
\stackedbox=\box112
\@centerbox=\box113
\c@ROWcellindex@=\count298
)
(/usr/share/texlive/texmf-dist/tex/generic/ulem/ulem.sty
\UL@box=\box114
\UL@hyphenbox=\box115
\UL@skip=\skip76
\UL@hook=\toks30
\UL@height=\dimen184
\UL@pe=\count299
\UL@pixel=\dimen185
\ULC@box=\box116
Package: ulem 2019/11/18
\ULdepth=\dimen186
)
\xrefbox=\box117
\xreflength=\skip77
\CodeWidthChar=\skip78
\CodeHeightChar=\skip79
\DoxyCodeWidth=\skip80
)
(/usr/share/texlive/texmf-dist/tex/latex/base/inputenc.sty
Package: inputenc 2021/02/14 v1.3d Input encoding file
\inpenc@prehook=\toks31
\inpenc@posthook=\toks32
)
(/usr/share/texlive/texmf-dist/tex/latex/base/makeidx.sty
Package: makeidx 2021/10/04 v1.0m Standard LaTeX package
)
(/usr/share/texlive/texmf-dist/tex/latex/base/textcomp.sty
Package: textcomp 2020/02/02 v2.0n Standard LaTeX package
)
(/usr/share/texlive/texmf-dist/tex/latex/wasysym/wasysym.sty
Package: wasysym 2020/01/19 v2.4 Wasy-2 symbol support package
\symwasy=\mathgroup6
LaTeX Font Info:    Overwriting symbol font `wasy' in version `bold'
(Font)                  U/wasy/m/n --> U/wasy/b/n on input line 93.
)
(/usr/share/texlive/texmf-dist/tex/generic/iftex/ifxetex.sty
Package: ifxetex 2019/10/25 v0.7 ifxetex legacy package. Use iftex instead.
)
(/usr/share/texlive/texmf-dist/tex/latex/base/fontenc.sty
Package: fontenc 2021/04/29 v2.0v Standard LaTeX package
)
(/usr/share/texlive/texmf-dist/tex/latex/psnfss/helvet.sty
Package: helvet 2020/03/25 PSNFSS-v9.3 (WaS) 
)
(/usr/share/texlive/texmf-dist/tex/latex/psnfss/courier.sty
Package: courier 2020/03/25 PSNFSS-v9.3 (WaS) 
)
(/usr/share/texlive/texmf-dist/tex/latex/sectsty/sectsty.sty
Package: sectsty 2002/02/25 v2.0.2 Commands to change all sectional heading sty
les


LaTeX Warning: Command \underbar  has changed.
               Check if current package is valid.


LaTeX Warning: Command \underline  has changed.
               Check if current package is valid.

) (/usr/share/texlive/texmf-dist/tex/latex/geometry/geometry.sty
Package: geometry 2020/01/02 v5.9 Page Geometry

(/usr/share/texlive/texmf-dist/tex/generic/iftex/ifvtex.sty
Package: ifvtex 2019/10/25 v1.7 ifvtex legacy package. Use iftex instead.
)
\Gm@cnth=\count300
\Gm@cntv=\count301
\c@Gm@tempcnt=\count302
\Gm@bindingoffset=\dimen187
\Gm@wd@mp=\dimen188
\Gm@odd@mp=\dimen189
\Gm@even@mp=\dimen190
\Gm@layoutwidth=\dimen191
\Gm@layoutheight=\dimen192
\Gm@layouthoffset=\dimen193
\Gm@layoutvoffset=\dimen194
\Gm@dimlist=\toks33
)
(/usr/share/texlive/texmf-dist/tex/latex/fancyhdr/fancyhdr.sty
Package: fancyhdr 2021/01/28 v4.0.1 Extensive control of page headers and foote
rs
\f@nch@headwidth=\skip81
\f@nch@O@elh=\skip82
\f@nch@O@erh=\skip83
\f@nch@O@olh=\skip84
\f@nch@O@orh=\skip85
\f@nch@O@elf=\skip86
\f@nch@O@erf=\skip87
\f@nch@O@olf=\skip88
\f@nch@O@orf=\skip89
)
(/usr/share/texlive/texmf-dist/tex/latex/natbib/natbib.sty
Package: natbib 2010/09/13 8.31b (PWD, AO)
\bibhang=\skip90
\bibsep=\skip91
LaTeX Info: Redefining \cite on input line 694.
\c@NAT@ctr=\count303
)
(/usr/share/texlive/texmf-dist/tex/latex/tocloft/tocloft.sty
Package: tocloft 2017/08/31 v2.3i parameterised ToC, etc., typesetting
Package tocloft Info: The document has chapter divisions on input line 51.
\cftparskip=\skip92
\cftbeforetoctitleskip=\skip93
\cftaftertoctitleskip=\skip94
\cftbeforepartskip=\skip95
\cftpartnumwidth=\skip96
\cftpartindent=\skip97
\cftbeforechapskip=\skip98
\cftchapindent=\skip99
\cftchapnumwidth=\skip100
\cftbeforesecskip=\skip101
\cftsecindent=\skip102
\cftsecnumwidth=\skip103
\cftbeforesubsecskip=\skip104
\cftsubsecindent=\skip105
\cftsubsecnumwidth=\skip106
\cftbeforesubsubsecskip=\skip107
\cftsubsubsecindent=\skip108
\cftsubsubsecnumwidth=\skip109
\cftbeforeparaskip=\skip110
\cftparaindent=\skip111
\cftparanumwidth=\skip112
\cftbeforesubparaskip=\skip113
\cftsubparaindent=\skip114
\cftsubparanumwidth=\skip115
\cftbeforeloftitleskip=\skip116
\cftafterloftitleskip=\skip117
\cftbeforefigskip=\skip118
\cftfigindent=\skip119
\cftfignumwidth=\skip120
\c@lofdepth=\count304
\c@lotdepth=\count305
\cftbeforelottitleskip=\skip121
\cftafterlottitleskip=\skip122
\cftbeforetabskip=\skip123
\cfttabindent=\skip124
\cfttabnumwidth=\skip125
)
\@indexfile=\write4
\openout4 = `refman.idx'.


Writing index file refman.idx
(/usr/share/texlive/texmf-dist/tex/latex/newunicodechar/newunicodechar.sty
Package: newunicodechar 2018/04/08 v1.2 Defining Unicode characters
)

Package newunicodechar Warning: Redefining Unicode character on input line 115.



Package newunicodechar Warning: Redefining Unicode character on input line 116.


(/usr/share/texlive/texmf-dist/tex/latex/hyperref/hyperref.sty
Package: hyperref 2021-06-07 v7.00m Hypertext links for LaTeX

(/usr/share/texlive/texmf-dist/tex/generic/ltxcmds/ltxcmds.sty
Package: ltxcmds 2020-05-10 v1.25 LaTeX kernel commands for general use (HO)
)
(/usr/share/texlive/texmf-dist/tex/generic/pdftexcmds/pdftexcmds.sty
Package: pdftexcmds 2020-06-27 v0.33 Utility functions of pdfTeX for LuaTeX (HO
)

(/usr/share/texlive/texmf-dist/tex/generic/infwarerr/infwarerr.sty
Package: infwarerr 2019/12/03 v1.5 Providing info/warning/error messages (HO)
)
Package pdftexcmds Info: \pdf@primitive is available.
Package pdftexcmds Info: \pdf@ifprimitive is available.
Package pdftexcmds Info: \pdfdraftmode found.
)
(/usr/share/texlive/texmf-dist/tex/generic/kvsetkeys/kvsetkeys.sty
Package: kvsetkeys 2019/12/15 v1.18 Key value parser (HO)
)
(/usr/share/texlive/texmf-dist/tex/generic/kvdefinekeys/kvdefinekeys.sty
Package: kvdefinekeys 2019-12-19 v1.6 Define keys (HO)
)
(/usr/share/texlive/texmf-dist/tex/generic/pdfescape/pdfescape.sty
Package: pdfescape 2019/12/09 v1.15 Implements pdfTeX's escape features (HO)
)
(/usr/share/texlive/texmf-dist/tex/latex/hycolor/hycolor.sty
Package: hycolor 2020-01-27 v1.10 Color options for hyperref/bookmark (HO)
)
(/usr/share/texlive/texmf-dist/tex/latex/letltxmacro/letltxmacro.sty
Package: letltxmacro 2019/12/03 v1.6 Let assignment for LaTeX macros (HO)
)
(/usr/share/texlive/texmf-dist/tex/latex/auxhook/auxhook.sty
Package: auxhook 2019-12-17 v1.6 Hooks for auxiliary files (HO)
)
(/usr/share/texlive/texmf-dist/tex/latex/kvoptions/kvoptions.sty
Package: kvoptions 2020-10-07 v3.14 Key value format for package options (HO)
)
\@linkdim=\dimen195
\Hy@linkcounter=\count306
\Hy@pagecounter=\count307

(/usr/share/texlive/texmf-dist/tex/latex/hyperref/pd1enc.def
File: pd1enc.def 2021-06-07 v7.00m Hyperref: PDFDocEncoding definition (HO)
Now handling font encoding PD1 ...
... no UTF-8 mapping file for font encoding PD1
)
(/usr/share/texlive/texmf-dist/tex/latex/hyperref/hyperref-langpatches.def
File: hyperref-langpatches.def 2021-06-07 v7.00m Hyperref: patches for babel la
nguages
)
(/usr/share/texlive/texmf-dist/tex/generic/intcalc/intcalc.sty
Package: intcalc 2019/12/15 v1.3 Expandable calculations with integers (HO)
)
(/usr/share/texlive/texmf-dist/tex/generic/etexcmds/etexcmds.sty
Package: etexcmds 2019/12/15 v1.7 Avoid name clashes with e-TeX commands (HO)
)
\Hy@SavedSpaceFactor=\count308

(/usr/share/texlive/texmf-dist/tex/latex/hyperref/puenc.def
File: puenc.def 2021-06-07 v7.00m Hyperref: PDF Unicode definition (HO)
Now handling font encoding PU ...
... no UTF-8 mapping file for font encoding PU
)
Package hyperref Info: Hyper figures OFF on input line 4192.
Package hyperref Info: Link nesting OFF on input line 4197.
Package hyperref Info: Hyper index ON on input line 4200.
Package hyperref Info: Plain pages OFF on input line 4207.
Package hyperref Info: Backreferencing ON on input line 4210.
Package hyperref Info: Implicit mode ON; LaTeX internals redefined.
Package hyperref Info: Bookmarks ON on input line 4445.

(/usr/share/texlive/texmf-dist/tex/latex/hyperref/backref.sty
Package: backref 2021/02/04 v1.41 Bibliographical back referencing

(/usr/share/texlive/texmf-dist/tex/latex/rerunfilecheck/rerunfilecheck.sty
Package: rerunfilecheck 2019/12/05 v1.9 Rerun checks for auxiliary files (HO)

(/usr/share/texlive/texmf-dist/tex/latex/base/atveryend-ltx.sty
Package: atveryend-ltx 2020/08/19 v1.0a Emulation of the original atveryend pac
kage
with kernel methods
)
(/usr/share/texlive/texmf-dist/tex/generic/uniquecounter/uniquecounter.sty
Package: uniquecounter 2019/12/15 v1.4 Provide unlimited unique counter (HO)

(/usr/share/texlive/texmf-dist/tex/generic/bigintcalc/bigintcalc.sty
Package: bigintcalc 2019/12/15 v1.5 Expandable calculations on big integers (HO
)
))
Package uniquecounter Info: New unique counter `rerunfilecheck' on input line 2
86.
))
\c@Hy@tempcnt=\count309

(/usr/share/texlive/texmf-dist/tex/latex/url/url.sty
\Urlmuskip=\muskip16
Package: url 2013/09/16  ver 3.4  Verb mode for urls, etc.
)
LaTeX Info: Redefining \url on input line 4804.
\XeTeXLinkMargin=\dimen196

(/usr/share/texlive/texmf-dist/tex/generic/bitset/bitset.sty
Package: bitset 2019/12/09 v1.3 Handle bit-vector datatype (HO)
)
\Fld@menulength=\count310
\Field@Width=\dimen197
\Fld@charsize=\dimen198
Package hyperref Info: Hyper figures OFF on input line 6076.
Package hyperref Info: Link nesting OFF on input line 6081.
Package hyperref Info: Hyper index ON on input line 6084.
Package hyperref Info: backreferencing ON on input line 6089.
Package hyperref Info: Link coloring OFF on input line 6096.
Package hyperref Info: Link coloring with OCG OFF on input line 6101.
Package hyperref Info: PDF/A mode OFF on input line 6106.
LaTeX Info: Redefining \ref on input line 6146.
LaTeX Info: Redefining \pageref on input line 6150.

(/usr/share/texlive/texmf-dist/tex/latex/base/atbegshi-ltx.sty
Package: atbegshi-ltx 2021/01/10 v1.0c Emulation of the original atbegshi
package with kernel methods
)
\Hy@abspage=\count311
\c@Item=\count312
\c@Hfootnote=\count313


LaTeX Warning: Command \LT@p@ftntext  has changed.
               Check if current package is valid.

)
Package hyperref Info: Driver: hpdftex.
 (/usr/share/texlive/texmf-dist/tex/latex/hyperref/hpdftex.def
File: hpdftex.def 2021-06-07 v7.00m Hyperref driver for pdfTeX
\Fld@listcount=\count314
\c@bookmark@seq@number=\count315
\Hy@SectionHShift=\skip126
)
Package hyperref Info: Option `colorlinks' set `true' on input line 134.
Package hyperref Info: Option `unicode' set `true' on input line 134.

(/usr/share/texlive/texmf-dist/tex/latex/caption/caption.sty
Package: caption 2020/10/26 v3.5g Customizing captions (AR)

(/usr/share/texlive/texmf-dist/tex/latex/caption/caption3.sty
Package: caption3 2020/10/21 v2.2e caption3 kernel (AR)
\captionmargin=\dimen199
\captionmargin@=\dimen256
\captionwidth=\dimen257
\caption@tempdima=\dimen258
\caption@indent=\dimen259
\caption@parindent=\dimen260
\caption@hangindent=\dimen261
Package caption Info: Standard document class detected.
)
\c@caption@flags=\count316
\c@continuedfloat=\count317
Package caption Info: float package is loaded.
Package caption Info: hyperref package is loaded.
Package caption Info: longtable package is loaded.

(/usr/share/texlive/texmf-dist/tex/latex/caption/ltcaption.sty
Package: ltcaption 2020/05/30 v1.4b longtable captions (AR)
))
(/usr/share/texlive/texmf-dist/tex/latex/etoc/etoc.sty
Package: etoc 2021/09/23 v1.09e Completely customisable TOCs (JFB)
\Etoc@toctoks=\toks34
\c@etoc@tocid=\count318
\c@etoc@tocdepth=\count319
\etoc@framed@titlebox=\box118
\etoc@framed@contentsbox=\box119
)
LaTeX Font Info:    Trying to load font information for T1+phv on input line 14
9.

(/usr/share/texlive/texmf-dist/tex/latex/psnfss/t1phv.fd
File: t1phv.fd 2020/03/25 scalable font definitions for T1/phv.
)
LaTeX Font Info:    Font shape `T1/phv/m/n' will be
(Font)              scaled to size 8.99994pt on input line 149.

(/usr/share/texlive/texmf-dist/tex/latex/l3backend/l3backend-pdftex.def
File: l3backend-pdftex.def 2022-01-12 L3 backend support: PDF output (pdfTeX)
\l__color_backend_stack_int=\count320
\l__pdf_internal_box=\box120
)
No file refman.aux.
\openout1 = `refman.aux'.

LaTeX Font Info:    Checking defaults for OML/cmm/m/it on input line 149.
LaTeX Font Info:    ... okay on input line 149.
LaTeX Font Info:    Checking defaults for OMS/cmsy/m/n on input line 149.
LaTeX Font Info:    ... okay on input line 149.
LaTeX Font Info:    Checking defaults for OT1/cmr/m/n on input line 149.
LaTeX Font Info:    ... okay on input line 149.
LaTeX Font Info:    Checking defaults for T1/cmr/m/n on input line 149.
LaTeX Font Info:    ... okay on input line 149.
LaTeX Font Info:    Checking defaults for TS1/cmr/m/n on input line 149.
LaTeX Font Info:    ... okay on input line 149.
LaTeX Font Info:    Checking defaults for OMX/cmex/m/n on input line 149.
LaTeX Font Info:    ... okay on input line 149.
LaTeX Font Info:    Checking defaults for U/cmr/m/n on input line 149.
LaTeX Font Info:    ... okay on input line 149.
LaTeX Font Info:    Checking defaults for PD1/pdf/m/n on input line 149.
LaTeX Font Info:    ... okay on input line 149.
LaTeX Font Info:    Checking defaults for PU/pdf/m/n on input line 149.
LaTeX Font Info:    ... okay on input line 149.
(/usr/share/texlive/texmf-dist/tex/context/base/mkii/supp-pdf.mkii
[Loading MPS to PDF converter (version 2006.09.02).]
\scratchcounter=\count321
\scratchdimen=\dimen262
\scratchbox=\box121
\nofMPsegments=\count322
\nofMParguments=\count323
\everyMPshowfont=\toks35
\MPscratchCnt=\count324
\MPscratchDim=\dimen263
\MPnumerator=\count325
\makeMPintoPDFobject=\count326
\everyMPtoPDFconversion=\toks36
) (/usr/share/texlive/texmf-dist/tex/latex/epstopdf-pkg/epstopdf-base.sty
Package: epstopdf-base 2020-01-24 v2.11 Base part for package epstopdf
Package epstopdf-base Info: Redefining graphics rule for `.eps' on input line 4
85.

(/usr/share/texlive/texmf-dist/tex/latex/latexconfig/epstopdf-sys.cfg
File: epstopdf-sys.cfg 2010/07/13 v1.3 Configuration of (r)epstopdf for TeX Liv
e
))
*geometry* driver: auto-detecting
*geometry* detected driver: pdftex
*geometry* verbose mode - [ preamble ] result:
* driver: pdftex
* paper: a4paper
* layout: <same size as paper>
* layoutoffset:(h,v)=(0.0pt,0.0pt)
* modes: twoside 
* h-part:(L,W,R)=(71.13188pt, 455.24411pt, 71.13188pt)
* v-part:(T,H,B)=(71.13188pt, 702.78308pt, 71.13188pt)
* \paperwidth=597.50787pt
* \paperheight=845.04684pt
* \textwidth=455.24411pt
* \textheight=702.78308pt
* \oddsidemargin=-1.1381pt
* \evensidemargin=-1.1381pt
* \topmargin=-31.2056pt
* \headheight=12.0pt
* \headsep=18.06749pt
* \topskip=10.0pt
* \footskip=25.29494pt
* \marginparwidth=125.0pt
* \marginparsep=7.0pt
* \columnsep=10.0pt
* \skip\footins=9.0pt plus 4.0pt minus 2.0pt
* \hoffset=0.0pt
* \voffset=0.0pt
* \mag=1000
* \@twocolumnfalse
* \@twosidetrue
* \@mparswitchtrue
* \@reversemarginfalse
* (1in=72.27pt=25.4mm, 1cm=28.453pt)

Package hyperref Info: Link coloring ON on input line 149.
(/usr/share/texlive/texmf-dist/tex/latex/hyperref/nameref.sty
Package: nameref 2021-04-02 v2.47 Cross-referencing by name of section

(/usr/share/texlive/texmf-dist/tex/latex/refcount/refcount.sty
Package: refcount 2019/12/15 v3.6 Data extraction from label references (HO)
)
(/usr/share/texlive/texmf-dist/tex/generic/gettitlestring/gettitlestring.sty
Package: gettitlestring 2019/12/15 v1.6 Cleanup title references (HO)
)
\c@section@level=\count327
)
LaTeX Info: Redefining \ref on input line 149.
LaTeX Info: Redefining \pageref on input line 149.
LaTeX Info: Redefining \nameref on input line 149.
\@outlinefile=\write5
\openout5 = `refman.out'.

Package backref Info: ** backref set up for natbib ** on input line 149.
Package caption Info: Begin \AtBeginDocument code.
Package caption Info: End \AtBeginDocument code.

No file refman.toc.
Package hyperref Info: Option `pageanchor' set `false' on input line 156.
Package hyperref Info: Option `bookmarksnumbered' set `true' on input line 156.

Package hyperref Info: Option `unicode' set `true' on input line 156.
LaTeX Font Info:    Font shape `T1/phv/m/n' will be
(Font)              scaled to size 12.9599pt on input line 161.
LaTeX Font Info:    Font shape `T1/phv/m/n' will be
(Font)              scaled to size 10.79993pt on input line 161.
LaTeX Font Info:    Font shape `T1/phv/m/n' will be
(Font)              scaled to size 6.29996pt on input line 161.
LaTeX Font Info:    Trying to load font information for U+msa on input line 161
.
(/usr/share/texlive/texmf-dist/tex/latex/amsfonts/umsa.fd
File: umsa.fd 2013/01/14 v3.01 AMS symbols A
)
LaTeX Font Info:    Trying to load font information for U+msb on input line 161
.

(/usr/share/texlive/texmf-dist/tex/latex/amsfonts/umsb.fd
File: umsb.fd 2013/01/14 v3.01 AMS symbols B
)
LaTeX Font Info:    Trying to load font information for U+wasy on input line 16
1.

(/usr/share/texlive/texmf-dist/tex/latex/wasysym/uwasy.fd
File: uwasy.fd 2020/01/19 v2.4 Wasy-2 symbol font definitions
) [1


{/var/lib/texmf/fonts/map/pdftex/updmap/pdftex.map}] [2

]
\tf@toc=\write6
\openout6 = `refman.toc'.

Package hyperref Info: Option `pageanchor' set `true' on input line 171.

Chapter 1.

Package hyperref Warning: Token not allowed in a PDF string (Unicode):
(hyperref)                removing `math shift' on input line 174.


Package hyperref Warning: Token not allowed in a PDF string (Unicode):
(hyperref)                removing `math shift' on input line 174.


Package hyperref Warning: Token not allowed in a PDF string (Unicode):
(hyperref)                removing `math shift' on input line 174.


Package hyperref Warning: Token not allowed in a PDF string (Unicode):
(hyperref)                removing `math shift' on input line 174.


Package hyperref Warning: Token not allowed in a PDF string (Unicode):
(hyperref)                removing `math shift' on input line 174.


Package hyperref Warning: Token not allowed in a PDF string (Unicode):
(hyperref)                removing `math shift' on input line 174.


Package hyperref Warning: Token not allowed in a PDF string (Unicode):
(hyperref)                removing `math shift' on input line 174.


Package hyperref Warning: Token not allowed in a PDF string (Unicode):
(hyperref)                removing `math shift' on input line 174.

LaTeX Font Info:    Font shape `T1/phv/m/n' will be
(Font)              scaled to size 18.66588pt on input line 174.
LaTeX Font Info:    Font shape `T1/phv/b/n' will be
(Font)              scaled to size 18.66588pt on input line 174.
LaTeX Font Info:    Font shape `T1/phv/bc/n' will be
(Font)              scaled to size 18.66588pt on input line 174.
LaTeX Font Info:    Font shape `T1/phv/m/n' will be
(Font)              scaled to size 22.39185pt on input line 174.
LaTeX Font Info:    Font shape `T1/phv/b/n' will be
(Font)              scaled to size 22.39185pt on input line 174.
LaTeX Font Info:    Font shape `T1/phv/bc/n' will be
(Font)              scaled to size 22.39185pt on input line 174.
(./md__r_e_a_d_m_e.tex
LaTeX Font Info:    Trying to load font information for TS1+phv on input line 1
.

(/usr/share/texlive/texmf-dist/tex/latex/psnfss/ts1phv.fd
File: ts1phv.fd 2020/03/25 scalable font definitions for TS1/phv.
)
LaTeX Font Info:    Font shape `TS1/phv/m/n' will be
(Font)              scaled to size 8.99994pt on input line 1.
LaTeX Font Info:    Trying to load font information for T1+pcr on input line 3.


(/usr/share/texlive/texmf-dist/tex/latex/psnfss/t1pcr.fd
File: t1pcr.fd 2001/06/04 font definitions for T1/pcr.
)
LaTeX Font Info:    Font shape `T1/phv/b/n' will be
(Font)              scaled to size 12.9599pt on input line 3.
LaTeX Font Info:    Font shape `T1/phv/b/n' will be
(Font)              scaled to size 8.99994pt on input line 5.
LaTeX Font Info:    Font shape `T1/phv/b/n' will be
(Font)              scaled to size 6.29996pt on input line 5.


! LaTeX Error: Unicode character ├ (U+251C)
               not set up for use with LaTeX.

See the LaTeX manual or LaTeX Companion for explanation.
Type  H <return>  for immediate help.
 ...                                              
                                                  
l.13 \DoxyCodeLine{├── CMakeLists.txt}
                                            
? 

! LaTeX Error: Unicode character ─ (U+2500)
               not set up for use with LaTeX.

See the LaTeX manual or LaTeX Companion for explanation.
Type  H <return>  for immediate help.
 ...                                              
                                                  
l.13 \DoxyCodeLine{├── CMakeLists.txt}
                                            
? 

! LaTeX Error: Unicode character ─ (U+2500)
               not set up for use with LaTeX.

See the LaTeX manual or LaTeX Companion for explanation.
Type  H <return>  for immediate help.
 ...                                              
                                                  
l.13 \DoxyCodeLine{├── CMakeLists.txt}
                                            
? 

! LaTeX Error: Unicode character ├ (U+251C)
               not set up for use with LaTeX.

See the LaTeX manual or LaTeX Companion for explanation.
Type  H <return>  for immediate help.
 ...                                              
                                                  
l.14 \DoxyCodeLine{├── main}
                                  
? 

! LaTeX Error: Unicode character ─ (U+2500)
               not set up for use with LaTeX.

See the LaTeX manual or LaTeX Companion for explanation.
Type  H <return>  for immediate help.
 ...                                              
                                                  
l.14 \DoxyCodeLine{├── main}
                                  
? 

! LaTeX Error: Unicode character ─ (U+2500)
               not set up for use with LaTeX.

See the LaTeX manual or LaTeX Companion for explanation.
Type  H <return>  for immediate help.
 ...                                              
                                                  
l.14 \DoxyCodeLine{├── main}
                                  
? 

! LaTeX Error: Unicode character │ (U+2502)
               not set up for use with LaTeX.

See the LaTeX manual or LaTeX Companion for explanation.
Type  H <return>  for immediate help.
 ...                                              
                                                  
l.15 ...CodeLine{│   ├── CMakeLists.txt}
                                                  
? 

! LaTeX Error: Unicode character ├ (U+251C)
               not set up for use with LaTeX.

See the LaTeX manual or LaTeX Companion for explanation.
Type  H <return>  for immediate help.
 ...                                              
                                                  
l.15 ...CodeLine{│   ├── CMakeLists.txt}
                                                  
? 

! LaTeX Error: Unicode character ─ (U+2500)
               not set up for use with LaTeX.

See the LaTeX manual or LaTeX Companion for explanation.
Type  H <return>  for immediate help.
 ...                                              
                                                  
l.15 ...CodeLine{│   ├── CMakeLists.txt}
                                                  
? 

! LaTeX Error: Unicode character ─ (U+2500)
               not set up for use with LaTeX.

See the LaTeX manual or LaTeX Companion for explanation.
Type  H <return>  for immediate help.
 ...                                              
                                                  
l.15 ...CodeLine{│   ├── CMakeLists.txt}
                                                  
? 

! LaTeX Error: Unicode character │ (U+2502)
               not set up for use with LaTeX.

See the LaTeX manual or LaTeX Companion for explanation.
Type  H <return>  for immediate help.
 ...                                              
                                                  
l.16 \DoxyCodeLine{│   └── main.c}
                                            
? 

! LaTeX Error: Unicode character └ (U+2514)
               not set up for use with LaTeX.

See the LaTeX manual or LaTeX Companion for explanation.
Type  H <return>  for immediate help.
 ...                                              
                                                  
l.16 \DoxyCodeLine{│   └── main.c}
                                            
? 

! LaTeX Error: Unicode character ─ (U+2500)
               not set up for use with LaTeX.

See the LaTeX manual or LaTeX Companion for explanation.
Type  H <return>  for immediate help.
 ...                                              
                                                  
l.16 \DoxyCodeLine{│   └── main.c}
                                            
? 

! LaTeX Error: Unicode character ─ (U+2500)
               not set up for use with LaTeX.

See the LaTeX manual or LaTeX Companion for explanation.
Type  H <return>  for immediate help.
 ...                                              
                                                  
l.16 \DoxyCodeLine{│   └── main.c}
                                            
? 

! LaTeX Error: Unicode character └ (U+2514)
               not set up for use with LaTeX.

See the LaTeX manual or LaTeX Companion for explanation.
Type  H <return>  for immediate help.
 ...                                              
                                                  
l.17 ...his is the file you are currently reading}
                                                  
? 

! LaTeX Error: Unicode character ─ (U+2500)
               not set up for use with LaTeX.

See the LaTeX manual or LaTeX Companion for explanation.
Type  H <return>  for immediate help.
 ...                                              
                                                  
l.17 ...his is the file you are currently reading}
                                                  
? 

! LaTeX Error: Unicode character ─ (U+2500)
               not set up for use with LaTeX.

See the LaTeX manual or LaTeX Companion for explanation.
Type  H <return>  for immediate help.
 ...                                              
                                                  
l.17 ...his is the file you are currently reading}
                                                  
? 
) [1


] [2]
Chapter 2.
(./deprecated.tex
Underfull \hbox (badness 10000) in paragraph at lines 6--6

 []

) [3

] [4

]
Chapter 3.
(./modules.tex

LaTeX Warning: Reference `group__main' on page 5 undefined on input line 3.


LaTeX Warning: Reference `group__comm__app' on page 5 undefined on input line 5
.

) [5] [6

]
Chapter 4.
(./annotated.tex

LaTeX Warning: Reference `structasync__resp__arg' on page 7 undefined on input 
line 3.


LaTeX Warning: Reference `structcomm__app__request' on page 7 undefined on inpu
t line 4.


LaTeX Warning: Reference `structhttp__file__server__data' on page 7 undefined o
n input line 5.


LaTeX Warning: Reference `structi2c__dev__t' on page 7 undefined on input line 
6.


LaTeX Warning: Reference `structpivot__sectors' on page 7 undefined on input li
ne 7.

) [7] [8

]
Chapter 5.
(./files.tex

LaTeX Warning: Reference `bootloader_2config_2sdkconfig_8h' on page 9 undefined
 on input line 3.


LaTeX Warning: Reference `config_2sdkconfig_8h' on page 9 undefined on input li
ne 4.


LaTeX Warning: Reference `ssl__debug__helpers__generated_8c' on page 9 undefine
d on input line 5.


LaTeX Warning: Reference `common__parser_8h' on page 9 undefined on input line 
6.


LaTeX Warning: Reference `gpio__actuator_8c' on page 9 undefined on input line 
7.


LaTeX Warning: Reference `gpio__actuator_8h' on page 9 undefined on input line 
8.


LaTeX Warning: Reference `gprs__module_8c' on page 9 undefined on input line 9.



LaTeX Warning: Reference `gprs__module_8h' on page 9 undefined on input line 10
.


LaTeX Warning: Reference `gprs__uart_8h' on page 9 undefined on input line 11.


LaTeX Warning: Reference `http__api_8h' on page 9 undefined on input line 12.


LaTeX Warning: Reference `http__config__parser_8h' on page 9 undefined on input
 line 13.


LaTeX Warning: Reference `http__storage_8h' on page 9 undefined on input line 1
4.


LaTeX Warning: Reference `idp__parser_8h' on page 9 undefined on input line 15.



LaTeX Warning: Reference `nvs__data_8c' on page 9 undefined on input line 16.


LaTeX Warning: Reference `nvs__data_8h' on page 9 undefined on input line 17.


LaTeX Warning: Reference `rf__module_8c' on page 9 undefined on input line 18.


LaTeX Warning: Reference `rf__module_8h' on page 9 undefined on input line 19.


LaTeX Warning: Reference `rf__uart_8h' on page 9 undefined on input line 20.


LaTeX Warning: Reference `rtc__app_8c' on page 9 undefined on input line 21.


LaTeX Warning: Reference `rtc__ds3231_8c' on page 9 undefined on input line 22.



LaTeX Warning: Reference `rtc__i2c__dev_8c' on page 9 undefined on input line 2
3.


LaTeX Warning: Reference `rtc__app_8h' on page 9 undefined on input line 24.


LaTeX Warning: Reference `rtc__ds3231_8h' on page 9 undefined on input line 25.



LaTeX Warning: Reference `rtc__i2c__dev_8h' on page 9 undefined on input line 2
6.

[9]

LaTeX Warning: Reference `_free_r_t_o_s__defines_8h' on page 10 undefined on in
put line 27.


LaTeX Warning: Reference `log_8h' on page 10 undefined on input line 28.


LaTeX Warning: Reference `project__config_8h' on page 10 undefined on input lin
e 29.


LaTeX Warning: Reference `wifi__app_8c' on page 10 undefined on input line 30.


LaTeX Warning: Reference `wifi__app_8h' on page 10 undefined on input line 31.


LaTeX Warning: Reference `actuation__app_8c' on page 10 undefined on input line
 32.


LaTeX Warning: Reference `comm__app_8c' on page 10 undefined on input line 33.


LaTeX Warning: Reference `data__app_8c' on page 10 undefined on input line 34.


LaTeX Warning: Reference `actuation__app_8h' on page 10 undefined on input line
 35.


LaTeX Warning: Reference `comm__app_8h' on page 10 undefined on input line 36.


LaTeX Warning: Reference `data__app_8h' on page 10 undefined on input line 37.


LaTeX Warning: Reference `system__manager_8h' on page 10 undefined on input lin
e 38.

) [10]
Chapter 6.
(./group__main.tex <./group__main.pdf

pdfTeX warning: pdflatex (file ./group__main.pdf): PDF inclusion: multiple pdfs
 with page group included in a single page
>
<group__main.pdf, id=148, 229.85875pt x 99.37125pt>
File: group__main.pdf Graphic file (type pdf)
<use group__main.pdf>
Package pdftex.def Info: group__main.pdf  used on input line 8.
(pdftex.def)             Requested size: 229.0pt x 99.00557pt.
LaTeX Font Info:    Font shape `T1/phv/b/n' will be
(Font)              scaled to size 10.79993pt on input line 11.
) (./group__comm__app.tex <./group__comm__app.pdf

pdfTeX warning: pdflatex (file ./group__comm__app.pdf): PDF inclusion: multiple
 pdfs with page group included in a single page
>
<group__comm__app.pdf, id=157, 229.85875pt x 99.37125pt>
File: group__comm__app.pdf Graphic file (type pdf)
<use group__comm__app.pdf>
Package pdftex.def Info: group__comm__app.pdf  used on input line 8.
(pdftex.def)             Requested size: 229.0pt x 99.00557pt.
 [11

]
LaTeX Font Info:    Font shape `T1/phv/m/n' will be
(Font)              scaled to size 8.09995pt on input line 29.
LaTeX Font Info:    Font shape `T1/phv/m/it' in size <9> not available
(Font)              Font shape `T1/phv/m/sl' tried instead on input line 29.
LaTeX Font Info:    Font shape `T1/phv/m/sl' will be
(Font)              scaled to size 8.09995pt on input line 29.
LaTeX Font Info:    Font shape `T1/phv/m/n' will be
(Font)              scaled to size 7.19995pt on input line 58.
LaTeX Font Info:    Font shape `T1/pcr/m/it' in size <8> not available
(Font)              Font shape `T1/pcr/m/sl' tried instead on input line 58.
LaTeX Font Info:    Font shape `T1/phv/bc/n' will be
(Font)              scaled to size 8.99994pt on input line 64.

Underfull \hbox (badness 10000) detected at line 64
[][][]
 []

 <./group__comm__app_gacd06ed9c7ec5f99df6ccdfb5455e73ab_cgraph.pdf>
<group__comm__app_gacd06ed9c7ec5f99df6ccdfb5455e73ab_cgraph.pdf, id=188, 367.37
25pt x 100.375pt>
File: group__comm__app_gacd06ed9c7ec5f99df6ccdfb5455e73ab_cgraph.pdf Graphic fi
le (type pdf)
<use group__comm__app_gacd06ed9c7ec5f99df6ccdfb5455e73ab_cgraph.pdf>
Package pdftex.def Info: group__comm__app_gacd06ed9c7ec5f99df6ccdfb5455e73ab_cg
raph.pdf  used on input line 72.
(pdftex.def)             Requested size: 350.0pt x 95.63445pt.
 [12]

Package longtable Warning: Column widths have changed
(longtable)                in table 6.1 on input line 89.


Underfull \hbox (badness 10000) detected at line 90
[][][]
 []

 <./group__comm__app_ga73769d903af36ae7f835dd42f2d50b2c_cgraph.pdf>
<group__comm__app_ga73769d903af36ae7f835dd42f2d50b2c_cgraph.pdf, id=223, 613.29
124pt x 182.6825pt>
File: group__comm__app_ga73769d903af36ae7f835dd42f2d50b2c_cgraph.pdf Graphic fi
le (type pdf)
<use group__comm__app_ga73769d903af36ae7f835dd42f2d50b2c_cgraph.pdf>
Package pdftex.def Info: group__comm__app_ga73769d903af36ae7f835dd42f2d50b2c_cg
raph.pdf  used on input line 102.
(pdftex.def)             Requested size: 350.0pt x 104.25552pt.
LaTeX Font Info:    Font shape `T1/pcr/m/it' in size <7> not available
(Font)              Font shape `T1/pcr/m/sl' tried instead on input line 109.


Package longtable Warning: Column widths have changed
(longtable)                in table 6.2 on input line 119.

[13]

Package longtable Warning: Column widths have changed
(longtable)                in table 6.3 on input line 134.

) [14]
Chapter 7.
(./structasync__resp__arg.tex) (./structcomm__app__request.tex)
(./structhttp__file__server__data.tex [15

]) (./structi2c__dev__t.tex)
(./structpivot__sectors.tex [16]) [17] [18

]
Chapter 8.
(./ssl__debug__helpers__generated_8c.tex <./ssl__debug__helpers__generated_8c__
incl.pdf

pdfTeX warning: pdflatex (file ./ssl__debug__helpers__generated_8c__incl.pdf): 
PDF inclusion: multiple pdfs with page group included in a single page
>
<ssl__debug__helpers__generated_8c__incl.pdf, id=312, 236.885pt x 178.6675pt>
File: ssl__debug__helpers__generated_8c__incl.pdf Graphic file (type pdf)
<use ssl__debug__helpers__generated_8c__incl.pdf>
Package pdftex.def Info: ssl__debug__helpers__generated_8c__incl.pdf  used on i
nput line 14.
(pdftex.def)             Requested size: 236.0pt x 178.00456pt.
) (./common__parser_8h.tex <./common__parser_8h__incl.pdf

pdfTeX warning: pdflatex (file ./common__parser_8h__incl.pdf): PDF inclusion: m
ultiple pdfs with page group included in a single page
>
<common__parser_8h__incl.pdf, id=320, 371.3875pt x 223.83624pt>
File: common__parser_8h__incl.pdf Graphic file (type pdf)
<use common__parser_8h__incl.pdf>
Package pdftex.def Info: common__parser_8h__incl.pdf  used on input line 15.
(pdftex.def)             Requested size: 350.0pt x 210.94914pt.
 [19] <./common__parser_8h__dep__incl.pdf>
<common__parser_8h__dep__incl.pdf, id=347, 478.78876pt x 178.6675pt>
File: common__parser_8h__dep__incl.pdf Graphic file (type pdf)
<use common__parser_8h__dep__incl.pdf>
Package pdftex.def Info: common__parser_8h__dep__incl.pdf  used on input line 2
3.
(pdftex.def)             Requested size: 350.0pt x 130.60884pt.

Underfull \hbox (badness 3009) in paragraph at lines 49--52
[][] \T1/phv/m/n/10 esp[]_[]err[]_[]t \T1/phv/b/n/10 common[]_[]parser[]_[]stri
ng[]_[]to[]_[]scheaduling[]_[]angle \T1/phv/m/n/10 (char $\OMS/cmsy/m/n/10 ^^C$
\T1/phv/m/n/10 string[]_[]in, pivot[]_[]scheduling[]_[]angle
 []


Underfull \hbox (badness 1163) in paragraph at lines 55--58
[][] \T1/phv/m/n/10 esp[]_[]err[]_[]t \T1/phv/b/n/10 common[]_[]parser[]_[]sche
aduling[]_[]date[]_[]http[]_[]to[]_[]mqtt \T1/phv/m/n/10 ([] idp, char $\OMS/cm
sy/m/n/10 ^^C$\T1/phv/m/n/10 gprs[]_[]id, pivot[]_[]
 []

[20]
Underfull \hbox (badness 10000) detected at line 68
[][][]
 []


Package longtable Warning: Column widths have changed
(longtable)                in table 8.1 on input line 96.


Underfull \hbox (badness 10000) detected at line 97
[][][]
 []

[21]

Package longtable Warning: Column widths have changed
(longtable)                in table 8.2 on input line 120.


Underfull \hbox (badness 10000) detected at line 121
[][][]
 []


Package longtable Warning: Column widths have changed
(longtable)                in table 8.3 on input line 146.


Underfull \hbox (badness 10000) detected at line 147
[][][]
 []

 <./common__parser_8h_a86ae6fa4634bdc26d9fd1741b5f04173_icgraph.pdf

pdfTeX warning: pdflatex (file ./common__parser_8h_a86ae6fa4634bdc26d9fd1741b5f
04173_icgraph.pdf): PDF inclusion: multiple pdfs with page group included in a 
single page
>
<common__parser_8h_a86ae6fa4634bdc26d9fd1741b5f04173_icgraph.pdf, id=391, 586.1
9pt x 111.41624pt>
File: common__parser_8h_a86ae6fa4634bdc26d9fd1741b5f04173_icgraph.pdf Graphic f
ile (type pdf)
<use common__parser_8h_a86ae6fa4634bdc26d9fd1741b5f04173_icgraph.pdf>
Package pdftex.def Info: common__parser_8h_a86ae6fa4634bdc26d9fd1741b5f04173_ic
graph.pdf  used on input line 159.
(pdftex.def)             Requested size: 350.0pt x 66.52383pt.
 [22]

Package longtable Warning: Column widths have changed
(longtable)                in table 8.4 on input line 178.


Underfull \hbox (badness 10000) detected at line 179
[][][]
 []

) (./gpio__actuator_8c.tex <./gpio__actuator_8c__incl.pdf>
<gpio__actuator_8c__incl.pdf, id=410, 1163.34625pt x 280.04625pt>
File: gpio__actuator_8c__incl.pdf Graphic file (type pdf)
<use gpio__actuator_8c__incl.pdf>
Package pdftex.def Info: gpio__actuator_8c__incl.pdf  used on input line 18.
(pdftex.def)             Requested size: 350.0pt x 84.25381pt.
 [23]
Underfull \hbox (badness 10000) detected at line 69
[][][]
 []

[24]

Package longtable Warning: Column widths have changed
(longtable)                in table 8.5 on input line 89.


Package longtable Warning: Column widths have changed
(longtable)                in table 8.6 on input line 104.


Underfull \hbox (badness 10000) detected at line 115
[][][]
 []


Underfull \hbox (badness 10000) detected at line 128
[][][]
 []

 <./gpio__actuator_8c_a6206f3c889822d0ab5fef0fd5714e86e_icgraph.pdf

pdfTeX warning: pdflatex (file ./gpio__actuator_8c_a6206f3c889822d0ab5fef0fd571
4e86e_icgraph.pdf): PDF inclusion: multiple pdfs with page group included in a 
single page
>
<gpio__actuator_8c_a6206f3c889822d0ab5fef0fd5714e86e_icgraph.pdf, id=474, 328.2
2626pt x 100.375pt>
File: gpio__actuator_8c_a6206f3c889822d0ab5fef0fd5714e86e_icgraph.pdf Graphic f
ile (type pdf)
<use gpio__actuator_8c_a6206f3c889822d0ab5fef0fd5714e86e_icgraph.pdf>
Package pdftex.def Info: gpio__actuator_8c_a6206f3c889822d0ab5fef0fd5714e86e_ic
graph.pdf  used on input line 140.
(pdftex.def)             Requested size: 327.0pt x 100.00102pt.
 [25]

Package longtable Warning: Column widths have changed
(longtable)                in table 8.7 on input line 157.


Underfull \hbox (badness 10000) detected at line 158
[][][]
 []


Underfull \hbox (badness 10000) detected at line 175
[][][]
 []

[26]

Package longtable Warning: Column widths have changed
(longtable)                in table 8.8 on input line 196.


Package longtable Warning: Column widths have changed
(longtable)                in table 8.9 on input line 211.

) (./gpio__actuator_8h.tex <./gpio__actuator_8h__incl.pdf>
<gpio__actuator_8h__incl.pdf, id=500, 364.36125pt x 223.83624pt>
File: gpio__actuator_8h__incl.pdf Graphic file (type pdf)
<use gpio__actuator_8h__incl.pdf>
Package pdftex.def Info: gpio__actuator_8h__incl.pdf  used on input line 15.
(pdftex.def)             Requested size: 350.0pt x 215.02039pt.
 <./gpio__actuator_8h__dep__incl.pdf

pdfTeX warning: pdflatex (file ./gpio__actuator_8h__dep__incl.pdf): PDF inclusi
on: multiple pdfs with page group included in a single page
>
<gpio__actuator_8h__dep__incl.pdf, id=515, 367.3725pt x 178.6675pt>
File: gpio__actuator_8h__dep__incl.pdf Graphic file (type pdf)
<use gpio__actuator_8h__dep__incl.pdf>
Package pdftex.def Info: gpio__actuator_8h__dep__incl.pdf  used on input line 2
3.
(pdftex.def)             Requested size: 350.0pt x 170.22932pt.
 [27] [28]
Underfull \hbox (badness 10000) detected at line 106
[][][]
 []

[29] [30] [31]
Underfull \hbox (badness 10000) detected at line 295
[][][]
 []


Underfull \hbox (badness 10000) detected at line 308
[][][]
 []

 <./gpio__actuator_8h_a5d66d70c42fdb257cbfc6b104f3bc943_icgraph.pdf

pdfTeX warning: pdflatex (file ./gpio__actuator_8h_a5d66d70c42fdb257cbfc6b104f3
bc943_icgraph.pdf): PDF inclusion: multiple pdfs with page group included in a 
single page
>
<gpio__actuator_8h_a5d66d70c42fdb257cbfc6b104f3bc943_icgraph.pdf, id=642, 328.2
2626pt x 100.375pt>
File: gpio__actuator_8h_a5d66d70c42fdb257cbfc6b104f3bc943_icgraph.pdf Graphic f
ile (type pdf)
<use gpio__actuator_8h_a5d66d70c42fdb257cbfc6b104f3bc943_icgraph.pdf>
Package pdftex.def Info: gpio__actuator_8h_a5d66d70c42fdb257cbfc6b104f3bc943_ic
graph.pdf  used on input line 320.
(pdftex.def)             Requested size: 327.0pt x 100.00102pt.
 [32]

Package longtable Warning: Column widths have changed
(longtable)                in table 8.10 on input line 337.


Underfull \hbox (badness 10000) detected at line 338
[][][]
 []

) (./gprs__module_8c.tex <./gprs__module_8c__incl.pdf

pdfTeX warning: pdflatex (file ./gprs__module_8c__incl.pdf): PDF inclusion: mul
tiple pdfs with page group included in a single page
>
<gprs__module_8c__incl.pdf, id=659, 618.31pt x 280.04625pt>
File: gprs__module_8c__incl.pdf Graphic file (type pdf)
<use gprs__module_8c__incl.pdf>
Package pdftex.def Info: gprs__module_8c__incl.pdf  used on input line 19.
(pdftex.def)             Requested size: 350.0pt x 158.52553pt.
 [33]
Underfull \hbox (badness 10000) detected at line 49
[][][]
 []

[34]

Package longtable Warning: Column widths have changed
(longtable)                in table 8.11 on input line 79.

 <./gprs__module_8c_a3d4b67fe86812d98be75bff2e4bdbbca_icgraph.pdf>
<gprs__module_8c_a3d4b67fe86812d98be75bff2e4bdbbca_icgraph.pdf, id=707, 448.676
25pt x 100.375pt>
File: gprs__module_8c_a3d4b67fe86812d98be75bff2e4bdbbca_icgraph.pdf Graphic fil
e (type pdf)
<use gprs__module_8c_a3d4b67fe86812d98be75bff2e4bdbbca_icgraph.pdf>
Package pdftex.def Info: gprs__module_8c_a3d4b67fe86812d98be75bff2e4bdbbca_icgr
aph.pdf  used on input line 85.
(pdftex.def)             Requested size: 350.0pt x 78.30289pt.

Underfull \hbox (badness 10000) detected at line 100
[][][]
 []

 <./gprs__module_8c_a884bc4e0a1acf1f8bf3614d20773709f_cgraph.pdf

pdfTeX warning: pdflatex (file ./gprs__module_8c_a884bc4e0a1acf1f8bf3614d207737
09f_cgraph.pdf): PDF inclusion: multiple pdfs with page group included in a sin
gle page
>
<gprs__module_8c_a884bc4e0a1acf1f8bf3614d20773709f_cgraph.pdf, id=715, 320.1962
4pt x 138.5175pt>
File: gprs__module_8c_a884bc4e0a1acf1f8bf3614d20773709f_cgraph.pdf Graphic file
 (type pdf)
<use gprs__module_8c_a884bc4e0a1acf1f8bf3614d20773709f_cgraph.pdf>
Package pdftex.def Info: gprs__module_8c_a884bc4e0a1acf1f8bf3614d20773709f_cgra
ph.pdf  used on input line 112.
(pdftex.def)             Requested size: 319.0pt x 138.00142pt.
 [35] <./gprs__module_8c_a884bc4e0a1acf1f8bf3614d20773709f_icgraph.pdf>
<gprs__module_8c_a884bc4e0a1acf1f8bf3614d20773709f_icgraph.pdf, id=733, 310.158
75pt x 100.375pt>
File: gprs__module_8c_a884bc4e0a1acf1f8bf3614d20773709f_icgraph.pdf Graphic fil
e (type pdf)
<use gprs__module_8c_a884bc4e0a1acf1f8bf3614d20773709f_icgraph.pdf>
Package pdftex.def Info: gprs__module_8c_a884bc4e0a1acf1f8bf3614d20773709f_icgr
aph.pdf  used on input line 120.
(pdftex.def)             Requested size: 309.0pt x 99.9995pt.


Package longtable Warning: Column widths have changed
(longtable)                in table 8.12 on input line 143.


Underfull \hbox (badness 10000) detected at line 144
[][][]
 []

[36]

Package longtable Warning: Column widths have changed
(longtable)                in table 8.13 on input line 167.


Underfull \hbox (badness 10000) detected at line 168
[][][]
 []

 <./gprs__module_8c_a3dc029caeea0f0ff53840e28d3a2114a_cgraph.pdf>
<gprs__module_8c_a3dc029caeea0f0ff53840e28d3a2114a_cgraph.pdf, id=750, 369.38pt
 x 100.375pt>
File: gprs__module_8c_a3dc029caeea0f0ff53840e28d3a2114a_cgraph.pdf Graphic file
 (type pdf)
<use gprs__module_8c_a3dc029caeea0f0ff53840e28d3a2114a_cgraph.pdf>
Package pdftex.def Info: gprs__module_8c_a3dc029caeea0f0ff53840e28d3a2114a_cgra
ph.pdf  used on input line 180.
(pdftex.def)             Requested size: 350.0pt x 95.1091pt.


Package longtable Warning: Column widths have changed
(longtable)                in table 8.14 on input line 199.


Underfull \hbox (badness 10000) detected at line 200
[][][]
 []

) (./gprs__module_8h.tex [37] <./gprs__module_8h__incl.pdf>
<gprs__module_8h__incl.pdf, id=769, 357.335pt x 223.83624pt>
File: gprs__module_8h__incl.pdf Graphic file (type pdf)
<use gprs__module_8h__incl.pdf>
Package pdftex.def Info: gprs__module_8h__incl.pdf  used on input line 15.
(pdftex.def)             Requested size: 350.0pt x 219.25214pt.
 <./gprs__module_8h__dep__incl.pdf

pdfTeX warning: pdflatex (file ./gprs__module_8h__dep__incl.pdf): PDF inclusion
: multiple pdfs with page group included in a single page
>
<gprs__module_8h__dep__incl.pdf, id=784, 331.2375pt x 178.6675pt>
File: gprs__module_8h__dep__incl.pdf Graphic file (type pdf)
<use gprs__module_8h__dep__incl.pdf>
Package pdftex.def Info: gprs__module_8h__dep__incl.pdf  used on input line 23.

(pdftex.def)             Requested size: 330.0pt x 178.0073pt.
 [38]
Underfull \hbox (badness 10000) detected at line 61
[][][]
 []


Underfull \hbox (badness 10000) detected at line 76
[][][]
 []

 <./gprs__module_8h_a884bc4e0a1acf1f8bf3614d20773709f_cgraph.pdf>
<gprs__module_8h_a884bc4e0a1acf1f8bf3614d20773709f_cgraph.pdf, id=810, 320.1962
4pt x 138.5175pt>
File: gprs__module_8h_a884bc4e0a1acf1f8bf3614d20773709f_cgraph.pdf Graphic file
 (type pdf)
<use gprs__module_8h_a884bc4e0a1acf1f8bf3614d20773709f_cgraph.pdf>
Package pdftex.def Info: gprs__module_8h_a884bc4e0a1acf1f8bf3614d20773709f_cgra
ph.pdf  used on input line 88.
(pdftex.def)             Requested size: 319.0pt x 138.00142pt.
 [39] <./gprs__module_8h_a884bc4e0a1acf1f8bf3614d20773709f_icgraph.pdf

pdfTeX warning: pdflatex (file ./gprs__module_8h_a884bc4e0a1acf1f8bf3614d207737
09f_icgraph.pdf): PDF inclusion: multiple pdfs with page group included in a si
ngle page
>
<gprs__module_8h_a884bc4e0a1acf1f8bf3614d20773709f_icgraph.pdf, id=829, 310.158
75pt x 100.375pt>
File: gprs__module_8h_a884bc4e0a1acf1f8bf3614d20773709f_icgraph.pdf Graphic fil
e (type pdf)
<use gprs__module_8h_a884bc4e0a1acf1f8bf3614d20773709f_icgraph.pdf>
Package pdftex.def Info: gprs__module_8h_a884bc4e0a1acf1f8bf3614d20773709f_icgr
aph.pdf  used on input line 96.
(pdftex.def)             Requested size: 309.0pt x 99.9995pt.


Package longtable Warning: Column widths have changed
(longtable)                in table 8.15 on input line 115.

[40]

Package longtable Warning: Column widths have changed
(longtable)                in table 8.16 on input line 136.


Underfull \hbox (badness 10000) detected at line 137
[][][]
 []


Package longtable Warning: Column widths have changed
(longtable)                in table 8.17 on input line 160.


Underfull \hbox (badness 10000) detected at line 161
[][][]
 []

 <./gprs__module_8h_a3dc029caeea0f0ff53840e28d3a2114a_cgraph.pdf>
<gprs__module_8h_a3dc029caeea0f0ff53840e28d3a2114a_cgraph.pdf, id=847, 369.38pt
 x 100.375pt>
File: gprs__module_8h_a3dc029caeea0f0ff53840e28d3a2114a_cgraph.pdf Graphic file
 (type pdf)
<use gprs__module_8h_a3dc029caeea0f0ff53840e28d3a2114a_cgraph.pdf>
Package pdftex.def Info: gprs__module_8h_a3dc029caeea0f0ff53840e28d3a2114a_cgra
ph.pdf  used on input line 173.
(pdftex.def)             Requested size: 350.0pt x 95.1091pt.
 [41]

Package longtable Warning: Column widths have changed
(longtable)                in table 8.18 on input line 192.


Underfull \hbox (badness 10000) detected at line 193
[][][]
 []

) (./gprs__uart_8h.tex <./gprs__uart_8h__incl.pdf>
<gprs__uart_8h__incl.pdf, id=865, 357.335pt x 223.83624pt>
File: gprs__uart_8h__incl.pdf Graphic file (type pdf)
<use gprs__uart_8h__incl.pdf>
Package pdftex.def Info: gprs__uart_8h__incl.pdf  used on input line 15.
(pdftex.def)             Requested size: 350.0pt x 219.25214pt.
 <./gprs__uart_8h__dep__incl.pdf

pdfTeX warning: pdflatex (file ./gprs__uart_8h__dep__incl.pdf): PDF inclusion: 
multiple pdfs with page group included in a single page
>
<gprs__uart_8h__dep__incl.pdf, id=880, 331.2375pt x 178.6675pt>
File: gprs__uart_8h__dep__incl.pdf Graphic file (type pdf)
<use gprs__uart_8h__dep__incl.pdf>
Package pdftex.def Info: gprs__uart_8h__dep__incl.pdf  used on input line 23.
(pdftex.def)             Requested size: 330.0pt x 178.0073pt.
 [42]
Underfull \hbox (badness 10000) detected at line 43
[][][]
 []

[43]

Package longtable Warning: Column widths have changed
(longtable)                in table 8.19 on input line 65.


Package longtable Warning: Column widths have changed
(longtable)                in table 8.20 on input line 83.


Underfull \hbox (badness 10000) detected at line 84
[][][]
 []

 <./gprs__uart_8h_abe5a3280e59e35d0c4cfc086debb2ced_icgraph.pdf>
<gprs__uart_8h_abe5a3280e59e35d0c4cfc086debb2ced_icgraph.pdf, id=917, 429.605pt
 x 100.375pt>
File: gprs__uart_8h_abe5a3280e59e35d0c4cfc086debb2ced_icgraph.pdf Graphic file 
(type pdf)
<use gprs__uart_8h_abe5a3280e59e35d0c4cfc086debb2ced_icgraph.pdf>
Package pdftex.def Info: gprs__uart_8h_abe5a3280e59e35d0c4cfc086debb2ced_icgrap
h.pdf  used on input line 97.
(pdftex.def)             Requested size: 350.0pt x 81.77655pt.
 [44]

Package longtable Warning: Column widths have changed
(longtable)                in table 8.21 on input line 116.


Underfull \hbox (badness 10000) detected at line 117
[][][]
 []

 <./gprs__uart_8h_a5201b4131d387f351e1138748fa8f7fd_icgraph.pdf>
<gprs__uart_8h_a5201b4131d387f351e1138748fa8f7fd_icgraph.pdf, id=936, 369.38pt 
x 100.375pt>
File: gprs__uart_8h_a5201b4131d387f351e1138748fa8f7fd_icgraph.pdf Graphic file 
(type pdf)
<use gprs__uart_8h_a5201b4131d387f351e1138748fa8f7fd_icgraph.pdf>
Package pdftex.def Info: gprs__uart_8h_a5201b4131d387f351e1138748fa8f7fd_icgrap
h.pdf  used on input line 129.
(pdftex.def)             Requested size: 350.0pt x 95.1091pt.
)
(./nvs__data_8h.tex <./nvs__data_8h__incl.pdf

pdfTeX warning: pdflatex (file ./nvs__data_8h__incl.pdf): PDF inclusion: multip
le pdfs with page group included in a single page
>
<nvs__data_8h__incl.pdf, id=944, 212.795pt x 167.62625pt>
File: nvs__data_8h__incl.pdf Graphic file (type pdf)
<use nvs__data_8h__incl.pdf>
Package pdftex.def Info: nvs__data_8h__incl.pdf  used on input line 15.
(pdftex.def)             Requested size: 212.0pt x 167.0094pt.
 <./nvs__data_8h__dep__incl.pdf

pdfTeX warning: pdflatex (file ./nvs__data_8h__dep__incl.pdf): PDF inclusion: m
ultiple pdfs with page group included in a single page
>
<nvs__data_8h__dep__incl.pdf, id=952, 321.2pt x 178.6675pt>
File: nvs__data_8h__dep__incl.pdf Graphic file (type pdf)
<use nvs__data_8h__dep__incl.pdf>
Package pdftex.def Info: nvs__data_8h__dep__incl.pdf  used on input line 23.
(pdftex.def)             Requested size: 320.0pt x 178.00456pt.
 [45]
Underfull \hbox (badness 10000) detected at line 44
[][][]
 []

[46]

Package longtable Warning: Column widths have changed
(longtable)                in table 8.22 on input line 70.


Underfull \hbox (badness 10000) detected at line 71
[][][]
 []


Package longtable Warning: Column widths have changed
(longtable)                in table 8.23 on input line 92.


Underfull \hbox (badness 10000) detected at line 93
[][][]
 []

 <./nvs__data_8h_a3ffa3a4ee01e5a70c79bb0b297a11c79_icgraph.pdf>
<nvs__data_8h_a3ffa3a4ee01e5a70c79bb0b297a11c79_icgraph.pdf, id=987, 358.33875p
t x 100.375pt>
File: nvs__data_8h_a3ffa3a4ee01e5a70c79bb0b297a11c79_icgraph.pdf Graphic file (
type pdf)
<use nvs__data_8h_a3ffa3a4ee01e5a70c79bb0b297a11c79_icgraph.pdf>
Package pdftex.def Info: nvs__data_8h_a3ffa3a4ee01e5a70c79bb0b297a11c79_icgraph
.pdf  used on input line 101.
(pdftex.def)             Requested size: 350.0pt x 98.04518pt.
 [47]
Underfull \hbox (badness 10000) detected at line 116
[][][]
 []


Package longtable Warning: Column widths have changed
(longtable)                in table 8.24 on input line 141.


Underfull \hbox (badness 10000) detected at line 142
[][][]
 []

) (./nvs__data_8c.tex <./nvs__data_8c__incl.pdf>
<nvs__data_8c__incl.pdf, id=1006, 486.81876pt x 223.83624pt>
File: nvs__data_8c__incl.pdf Graphic file (type pdf)
<use nvs__data_8c__incl.pdf>
Package pdftex.def Info: nvs__data_8c__incl.pdf  used on input line 18.
(pdftex.def)             Requested size: 350.0pt x 160.9263pt.
 [48]

Package longtable Warning: Column widths have changed
(longtable)                in table 8.25 on input line 66.


Underfull \hbox (badness 10000) detected at line 67
[][][]
 []

[49]

Package longtable Warning: Column widths have changed
(longtable)                in table 8.26 on input line 88.


Underfull \hbox (badness 10000) detected at line 89
[][][]
 []

 <./nvs__data_8c_a3ffa3a4ee01e5a70c79bb0b297a11c79_icgraph.pdf

pdfTeX warning: pdflatex (file ./nvs__data_8c_a3ffa3a4ee01e5a70c79bb0b297a11c79
_icgraph.pdf): PDF inclusion: multiple pdfs with page group included in a singl
e page
>
<nvs__data_8c_a3ffa3a4ee01e5a70c79bb0b297a11c79_icgraph.pdf, id=1051, 358.33875
pt x 100.375pt>
File: nvs__data_8c_a3ffa3a4ee01e5a70c79bb0b297a11c79_icgraph.pdf Graphic file (
type pdf)
<use nvs__data_8c_a3ffa3a4ee01e5a70c79bb0b297a11c79_icgraph.pdf>
Package pdftex.def Info: nvs__data_8c_a3ffa3a4ee01e5a70c79bb0b297a11c79_icgraph
.pdf  used on input line 97.
(pdftex.def)             Requested size: 350.0pt x 98.04518pt.

Underfull \hbox (badness 10000) detected at line 112
[][][]
 []

[50]

Package longtable Warning: Column widths have changed
(longtable)                in table 8.27 on input line 137.


Underfull \hbox (badness 10000) detected at line 138
[][][]
 []

) (./rf__module_8c.tex <./rf__module_8c__incl.pdf>
<rf__module_8c__incl.pdf, id=1069, 614.295pt x 280.04625pt>
File: rf__module_8c__incl.pdf Graphic file (type pdf)
<use rf__module_8c__incl.pdf>
Package pdftex.def Info: rf__module_8c__incl.pdf  used on input line 19.
(pdftex.def)             Requested size: 350.0pt x 159.55963pt.
 [51]
Underfull \hbox (badness 10000) detected at line 47
[][][]
 []


Package longtable Warning: Column widths have changed
(longtable)                in table 8.28 on input line 69.

 <./rf__module_8c_acc6751a36c4a3d2ea32eb05bc41bcaf9_cgraph.pdf>
<rf__module_8c_acc6751a36c4a3d2ea32eb05bc41bcaf9_cgraph.pdf, id=1104, 334.24875
pt x 111.41624pt>
File: rf__module_8c_acc6751a36c4a3d2ea32eb05bc41bcaf9_cgraph.pdf Graphic file (
type pdf)
<use rf__module_8c_acc6751a36c4a3d2ea32eb05bc41bcaf9_cgraph.pdf>
Package pdftex.def Info: rf__module_8c_acc6751a36c4a3d2ea32eb05bc41bcaf9_cgraph
.pdf  used on input line 75.
(pdftex.def)             Requested size: 333.0pt x 111.00964pt.
 <./rf__module_8c_acc6751a36c4a3d2ea32eb05bc41bcaf9_icgraph.pdf

pdfTeX warning: pdflatex (file ./rf__module_8c_acc6751a36c4a3d2ea32eb05bc41bcaf
9_icgraph.pdf): PDF inclusion: multiple pdfs with page group included in a sing
le page
>
<rf__module_8c_acc6751a36c4a3d2ea32eb05bc41bcaf9_icgraph.pdf, id=1112, 421.575p
t x 100.375pt>
File: rf__module_8c_acc6751a36c4a3d2ea32eb05bc41bcaf9_icgraph.pdf Graphic file 
(type pdf)
<use rf__module_8c_acc6751a36c4a3d2ea32eb05bc41bcaf9_icgraph.pdf>
Package pdftex.def Info: rf__module_8c_acc6751a36c4a3d2ea32eb05bc41bcaf9_icgrap
h.pdf  used on input line 83.
(pdftex.def)             Requested size: 350.0pt x 83.33418pt.
 [52]
Underfull \hbox (badness 10000) detected at line 96
[][][]
 []

 <./rf__module_8c_ad3ec06cb49bc8256cc55378a0de06e33_icgraph.pdf>
<rf__module_8c_ad3ec06cb49bc8256cc55378a0de06e33_icgraph.pdf, id=1131, 367.3725
pt x 100.375pt>
File: rf__module_8c_ad3ec06cb49bc8256cc55378a0de06e33_icgraph.pdf Graphic file 
(type pdf)
<use rf__module_8c_ad3ec06cb49bc8256cc55378a0de06e33_icgraph.pdf>
Package pdftex.def Info: rf__module_8c_ad3ec06cb49bc8256cc55378a0de06e33_icgrap
h.pdf  used on input line 104.
(pdftex.def)             Requested size: 350.0pt x 95.63445pt.

Underfull \hbox (badness 10000) detected at line 117
[][][]
 []

 <./rf__module_8c_aff46a7815a9677f30632ed7a72cb8c82_cgraph.pdf

pdfTeX warning: pdflatex (file ./rf__module_8c_aff46a7815a9677f30632ed7a72cb8c8
2_cgraph.pdf): PDF inclusion: multiple pdfs with page group included in a singl
e page
>
<rf__module_8c_aff46a7815a9677f30632ed7a72cb8c82_cgraph.pdf, id=1139, 457.71pt 
x 111.41624pt>
File: rf__module_8c_aff46a7815a9677f30632ed7a72cb8c82_cgraph.pdf Graphic file (
type pdf)
<use rf__module_8c_aff46a7815a9677f30632ed7a72cb8c82_cgraph.pdf>
Package pdftex.def Info: rf__module_8c_aff46a7815a9677f30632ed7a72cb8c82_cgraph
.pdf  used on input line 129.
(pdftex.def)             Requested size: 350.0pt x 85.20084pt.
 <./rf__module_8c_aff46a7815a9677f30632ed7a72cb8c82_icgraph.pdf

pdfTeX warning: pdflatex (file ./rf__module_8c_aff46a7815a9677f30632ed7a72cb8c8
2_icgraph.pdf): PDF inclusion: multiple pdfs with page group included in a sing
le page
>
<rf__module_8c_aff46a7815a9677f30632ed7a72cb8c82_icgraph.pdf, id=1148, 296.1062
5pt x 100.375pt>
File: rf__module_8c_aff46a7815a9677f30632ed7a72cb8c82_icgraph.pdf Graphic file 
(type pdf)
<use rf__module_8c_aff46a7815a9677f30632ed7a72cb8c82_icgraph.pdf>
Package pdftex.def Info: rf__module_8c_aff46a7815a9677f30632ed7a72cb8c82_icgrap
h.pdf  used on input line 137.
(pdftex.def)             Requested size: 295.0pt x 100.00255pt.
 [53]

Package longtable Warning: Column widths have changed
(longtable)                in table 8.29 on input line 154.


Underfull \hbox (badness 10000) detected at line 155
[][][]
 []

) (./rtc__app_8h.tex <./rtc__app_8h__incl.pdf>
<rtc__app_8h__incl.pdf, id=1167, 214.8025pt x 167.62625pt>
File: rtc__app_8h__incl.pdf Graphic file (type pdf)
<use rtc__app_8h__incl.pdf>
Package pdftex.def Info: rtc__app_8h__incl.pdf  used on input line 15.
(pdftex.def)             Requested size: 214.0pt x 167.00172pt.
 <./rtc__app_8h__dep__incl.pdf

pdfTeX warning: pdflatex (file ./rtc__app_8h__dep__incl.pdf): PDF inclusion: mu
ltiple pdfs with page group included in a single page
>
<rtc__app_8h__dep__incl.pdf, id=1175, 480.79625pt x 178.6675pt>
File: rtc__app_8h__dep__incl.pdf Graphic file (type pdf)
<use rtc__app_8h__dep__incl.pdf>
Package pdftex.def Info: rtc__app_8h__dep__incl.pdf  used on input line 23.
(pdftex.def)             Requested size: 350.0pt x 130.06631pt.
 [54]

Package longtable Warning: Column widths have changed
(longtable)                in table 8.30 on input line 69.

[55]

Package longtable Warning: Column widths have changed
(longtable)                in table 8.31 on input line 86.


Underfull \hbox (badness 10000) detected at line 87
[][][]
 []

 <./rtc__app_8h_a94c7e156542f18f9fc8702a25514f16b_cgraph.pdf

pdfTeX warning: pdflatex (file ./rtc__app_8h_a94c7e156542f18f9fc8702a25514f16b_
cgraph.pdf): PDF inclusion: multiple pdfs with page group included in a single 
page
>
<rtc__app_8h_a94c7e156542f18f9fc8702a25514f16b_cgraph.pdf, id=1216, 350.30875pt
 x 100.375pt>
File: rtc__app_8h_a94c7e156542f18f9fc8702a25514f16b_cgraph.pdf Graphic file (ty
pe pdf)
<use rtc__app_8h_a94c7e156542f18f9fc8702a25514f16b_cgraph.pdf>
Package pdftex.def Info: rtc__app_8h_a94c7e156542f18f9fc8702a25514f16b_cgraph.p
df  used on input line 95.
(pdftex.def)             Requested size: 349.0pt x 100.00716pt.

Underfull \hbox (badness 10000) detected at line 110
[][][]
 []

 <./rtc__app_8h_a97aa82b9129a56760e7d7f1e8b3a9390_cgraph.pdf

pdfTeX warning: pdflatex (file ./rtc__app_8h_a97aa82b9129a56760e7d7f1e8b3a9390_
cgraph.pdf): PDF inclusion: multiple pdfs with page group included in a single 
page
>
<rtc__app_8h_a97aa82b9129a56760e7d7f1e8b3a9390_cgraph.pdf, id=1224, 292.09125pt
 x 100.375pt>
File: rtc__app_8h_a97aa82b9129a56760e7d7f1e8b3a9390_cgraph.pdf Graphic file (ty
pe pdf)
<use rtc__app_8h_a97aa82b9129a56760e7d7f1e8b3a9390_cgraph.pdf>
Package pdftex.def Info: rtc__app_8h_a97aa82b9129a56760e7d7f1e8b3a9390_cgraph.p
df  used on input line 118.
(pdftex.def)             Requested size: 291.0pt x 100.00868pt.
 [56]

Package longtable Warning: Column widths have changed
(longtable)                in table 8.32 on input line 137.


Underfull \hbox (badness 10000) detected at line 138
[][][]
 []


Package longtable Warning: Column widths have changed
(longtable)                in table 8.33 on input line 159.

) (./rtc__ds3231_8h.tex <./rtc__ds3231_8h__incl.pdf>
<rtc__ds3231_8h__incl.pdf, id=1241, 345.29pt x 223.83624pt>
File: rtc__ds3231_8h__incl.pdf Graphic file (type pdf)
<use rtc__ds3231_8h__incl.pdf>
Package pdftex.def Info: rtc__ds3231_8h__incl.pdf  used on input line 17.
(pdftex.def)             Requested size: 344.0pt x 223.00232pt.
 [57] <./rtc__ds3231_8h__dep__incl.pdf

pdfTeX warning: pdflatex (file ./rtc__ds3231_8h__dep__incl.pdf): PDF inclusion:
 multiple pdfs with page group included in a single page
>
<rtc__ds3231_8h__dep__incl.pdf, id=1258, 315.1775pt x 178.6675pt>
File: rtc__ds3231_8h__dep__incl.pdf Graphic file (type pdf)
<use rtc__ds3231_8h__dep__incl.pdf>
Package pdftex.def Info: rtc__ds3231_8h__dep__incl.pdf  used on input line 25.
(pdftex.def)             Requested size: 314.0pt x 178.01003pt.
 [58] [59]

Package longtable Warning: Column widths have changed
(longtable)                in table 8.34 on input line 147.


Underfull \hbox (badness 10000) detected at line 148
[][][]
 []


Package longtable Warning: Column widths have changed
(longtable)                in table 8.35 on input line 165.


Overfull \vbox (1.36826pt too high) has occurred while \output is active []


[60]
Underfull \hbox (badness 10000) detected at line 166
[][][]
 []


Package longtable Warning: Column widths have changed
(longtable)                in table 8.36 on input line 187.


Underfull \hbox (badness 10000) detected at line 188
[][][]
 []


Package longtable Warning: Column widths have changed
(longtable)                in table 8.37 on input line 209.


Underfull \hbox (badness 10000) detected at line 210
[][][]
 []

[61]

Package longtable Warning: Column widths have changed
(longtable)                in table 8.38 on input line 231.


Underfull \hbox (badness 10000) detected at line 232
[][][]
 []


Package longtable Warning: Column widths have changed
(longtable)                in table 8.39 on input line 253.


Underfull \hbox (badness 10000) detected at line 254
[][][]
 []

 <./rtc__ds3231_8h_a8ab27d2ae4e65134dd8875b8b75d87d4_icgraph.pdf

pdfTeX warning: pdflatex (file ./rtc__ds3231_8h_a8ab27d2ae4e65134dd8875b8b75d87
d4_icgraph.pdf): PDF inclusion: multiple pdfs with page group included in a sin
gle page
>
<rtc__ds3231_8h_a8ab27d2ae4e65134dd8875b8b75d87d4_icgraph.pdf, id=1375, 350.308
75pt x 100.375pt>
File: rtc__ds3231_8h_a8ab27d2ae4e65134dd8875b8b75d87d4_icgraph.pdf Graphic file
 (type pdf)
<use rtc__ds3231_8h_a8ab27d2ae4e65134dd8875b8b75d87d4_icgraph.pdf>
Package pdftex.def Info: rtc__ds3231_8h_a8ab27d2ae4e65134dd8875b8b75d87d4_icgra
ph.pdf  used on input line 262.
(pdftex.def)             Requested size: 349.0pt x 100.00716pt.
 [62]

Package longtable Warning: Column widths have changed
(longtable)                in table 8.40 on input line 287.


Underfull \hbox (badness 10000) detected at line 288
[][][]
 []

 <./rtc__ds3231_8h_a63ec444d9d79b17d3fbc31b9d5514319_icgraph.pdf>
<rtc__ds3231_8h_a63ec444d9d79b17d3fbc31b9d5514319_icgraph.pdf, id=1395, 292.091
25pt x 100.375pt>
File: rtc__ds3231_8h_a63ec444d9d79b17d3fbc31b9d5514319_icgraph.pdf Graphic file
 (type pdf)
<use rtc__ds3231_8h_a63ec444d9d79b17d3fbc31b9d5514319_icgraph.pdf>
Package pdftex.def Info: rtc__ds3231_8h_a63ec444d9d79b17d3fbc31b9d5514319_icgra
ph.pdf  used on input line 296.
(pdftex.def)             Requested size: 291.0pt x 100.00868pt.
 [63]

Package longtable Warning: Column widths have changed
(longtable)                in table 8.41 on input line 317.


Underfull \hbox (badness 10000) detected at line 318
[][][]
 []

) (./rtc__app_8c.tex <./rtc__app_8c__incl.pdf>
<rtc__app_8c__incl.pdf, id=1413, 345.29pt x 280.04625pt>
File: rtc__app_8c__incl.pdf Graphic file (type pdf)
<use rtc__app_8c__incl.pdf>
Package pdftex.def Info: rtc__app_8c__incl.pdf  used on input line 16.
(pdftex.def)             Requested size: 344.0pt x 279.00288pt.
 [64]

Package longtable Warning: Column widths have changed
(longtable)                in table 8.42 on input line 68.

[65]

Package longtable Warning: Column widths have changed
(longtable)                in table 8.43 on input line 85.


Underfull \hbox (badness 10000) detected at line 86
[][][]
 []

 <./rtc__app_8c_a94c7e156542f18f9fc8702a25514f16b_cgraph.pdf

pdfTeX warning: pdflatex (file ./rtc__app_8c_a94c7e156542f18f9fc8702a25514f16b_
cgraph.pdf): PDF inclusion: multiple pdfs with page group included in a single 
page
>
<rtc__app_8c_a94c7e156542f18f9fc8702a25514f16b_cgraph.pdf, id=1456, 350.30875pt
 x 100.375pt>
File: rtc__app_8c_a94c7e156542f18f9fc8702a25514f16b_cgraph.pdf Graphic file (ty
pe pdf)
<use rtc__app_8c_a94c7e156542f18f9fc8702a25514f16b_cgraph.pdf>
Package pdftex.def Info: rtc__app_8c_a94c7e156542f18f9fc8702a25514f16b_cgraph.p
df  used on input line 94.
(pdftex.def)             Requested size: 349.0pt x 100.00716pt.

Underfull \hbox (badness 10000) detected at line 109
[][][]
 []

 <./rtc__app_8c_a97aa82b9129a56760e7d7f1e8b3a9390_cgraph.pdf

pdfTeX warning: pdflatex (file ./rtc__app_8c_a97aa82b9129a56760e7d7f1e8b3a9390_
cgraph.pdf): PDF inclusion: multiple pdfs with page group included in a single 
page
>
<rtc__app_8c_a97aa82b9129a56760e7d7f1e8b3a9390_cgraph.pdf, id=1464, 292.09125pt
 x 100.375pt>
File: rtc__app_8c_a97aa82b9129a56760e7d7f1e8b3a9390_cgraph.pdf Graphic file (ty
pe pdf)
<use rtc__app_8c_a97aa82b9129a56760e7d7f1e8b3a9390_cgraph.pdf>
Package pdftex.def Info: rtc__app_8c_a97aa82b9129a56760e7d7f1e8b3a9390_cgraph.p
df  used on input line 117.
(pdftex.def)             Requested size: 291.0pt x 100.00868pt.
 [66]

Package longtable Warning: Column widths have changed
(longtable)                in table 8.44 on input line 136.


Underfull \hbox (badness 10000) detected at line 137
[][][]
 []


Package longtable Warning: Column widths have changed
(longtable)                in table 8.45 on input line 158.

) (./rtc__ds3231_8c.tex <./rtc__ds3231_8c__incl.pdf>
<rtc__ds3231_8c__incl.pdf, id=1482, 401.5pt x 280.04625pt>
File: rtc__ds3231_8c__incl.pdf Graphic file (type pdf)
<use rtc__ds3231_8c__incl.pdf>
Package pdftex.def Info: rtc__ds3231_8c__incl.pdf  used on input line 16.
(pdftex.def)             Requested size: 350.0pt x 244.14249pt.
 [67] [68]

Package longtable Warning: Column widths have changed
(longtable)                in table 8.46 on input line 67.


Package longtable Warning: Column widths have changed
(longtable)                in table 8.47 on input line 85.


Underfull \hbox (badness 10000) detected at line 86
[][][]
 []

[69]

Package longtable Warning: Column widths have changed
(longtable)                in table 8.48 on input line 103.


Underfull \hbox (badness 10000) detected at line 104
[][][]
 []


Package longtable Warning: Column widths have changed
(longtable)                in table 8.49 on input line 125.


Underfull \hbox (badness 10000) detected at line 126
[][][]
 []


Package longtable Warning: Column widths have changed
(longtable)                in table 8.50 on input line 147.

[70]
Underfull \hbox (badness 10000) detected at line 148
[][][]
 []


Package longtable Warning: Column widths have changed
(longtable)                in table 8.51 on input line 169.


Underfull \hbox (badness 10000) detected at line 170
[][][]
 []


Package longtable Warning: Column widths have changed
(longtable)                in table 8.52 on input line 191.


Underfull \hbox (badness 10000) detected at line 192
[][][]
 []

 <./rtc__ds3231_8c_a8ab27d2ae4e65134dd8875b8b75d87d4_icgraph.pdf

pdfTeX warning: pdflatex (file ./rtc__ds3231_8c_a8ab27d2ae4e65134dd8875b8b75d87
d4_icgraph.pdf): PDF inclusion: multiple pdfs with page group included in a sin
gle page
>
<rtc__ds3231_8c_a8ab27d2ae4e65134dd8875b8b75d87d4_icgraph.pdf, id=1556, 350.308
75pt x 100.375pt>
File: rtc__ds3231_8c_a8ab27d2ae4e65134dd8875b8b75d87d4_icgraph.pdf Graphic file
 (type pdf)
<use rtc__ds3231_8c_a8ab27d2ae4e65134dd8875b8b75d87d4_icgraph.pdf>
Package pdftex.def Info: rtc__ds3231_8c_a8ab27d2ae4e65134dd8875b8b75d87d4_icgra
ph.pdf  used on input line 200.
(pdftex.def)             Requested size: 349.0pt x 100.00716pt.
 [71]

Package longtable Warning: Column widths have changed
(longtable)                in table 8.53 on input line 225.


Underfull \hbox (badness 10000) detected at line 226
[][][]
 []

 <./rtc__ds3231_8c_a63ec444d9d79b17d3fbc31b9d5514319_icgraph.pdf

pdfTeX warning: pdflatex (file ./rtc__ds3231_8c_a63ec444d9d79b17d3fbc31b9d55143
19_icgraph.pdf): PDF inclusion: multiple pdfs with page group included in a sin
gle page
>
<rtc__ds3231_8c_a63ec444d9d79b17d3fbc31b9d5514319_icgraph.pdf, id=1574, 292.091
25pt x 100.375pt>
File: rtc__ds3231_8c_a63ec444d9d79b17d3fbc31b9d5514319_icgraph.pdf Graphic file
 (type pdf)
<use rtc__ds3231_8c_a63ec444d9d79b17d3fbc31b9d5514319_icgraph.pdf>
Package pdftex.def Info: rtc__ds3231_8c_a63ec444d9d79b17d3fbc31b9d5514319_icgra
ph.pdf  used on input line 234.
(pdftex.def)             Requested size: 291.0pt x 100.00868pt.
 [72]

Package longtable Warning: Column widths have changed
(longtable)                in table 8.54 on input line 255.


Underfull \hbox (badness 10000) detected at line 256
[][][]
 []

) (./rtc__i2c__dev_8c.tex <./rtc__i2c__dev_8c__incl.pdf>
<rtc__i2c__dev_8c__incl.pdf, id=1592, 381.425pt x 223.83624pt>
File: rtc__i2c__dev_8c__incl.pdf Graphic file (type pdf)
<use rtc__i2c__dev_8c__incl.pdf>
Package pdftex.def Info: rtc__i2c__dev_8c__incl.pdf  used on input line 17.
(pdftex.def)             Requested size: 350.0pt x 205.40244pt.
 [73]

Package longtable Warning: Column widths have changed
(longtable)                in table 8.55 on input line 67.

[74]
Underfull \hbox (badness 10000) detected at line 68
[][][]
 []


Package longtable Warning: Column widths have changed
(longtable)                in table 8.56 on input line 95.


Underfull \hbox (badness 10000) detected at line 96
[][][]
 []


Package longtable Warning: Column widths have changed
(longtable)                in table 8.57 on input line 119.

[75]
Underfull \hbox (badness 10000) detected at line 120
[][][]
 []

) (./_free_r_t_o_s__defines_8h.tex <./_free_r_t_o_s__defines_8h__incl.pdf

pdfTeX warning: pdflatex (file ./_free_r_t_o_s__defines_8h__incl.pdf): PDF incl
usion: multiple pdfs with page group included in a single page
>
<_free_r_t_o_s__defines_8h__incl.pdf, id=1640, 695.59875pt x 167.62625pt>
File: _free_r_t_o_s__defines_8h__incl.pdf Graphic file (type pdf)
<use _free_r_t_o_s__defines_8h__incl.pdf>
Package pdftex.def Info: _free_r_t_o_s__defines_8h__incl.pdf  used on input lin
e 18.
(pdftex.def)             Requested size: 350.0pt x 84.34236pt.
 <./_free_r_t_o_s__defines_8h__dep__incl.pdf

pdfTeX warning: pdflatex (file ./_free_r_t_o_s__defines_8h__dep__incl.pdf): PDF
 inclusion: multiple pdfs with page group included in a single page
>
<_free_r_t_o_s__defines_8h__dep__incl.pdf, id=1655, 632.3625pt x 178.6675pt>
File: _free_r_t_o_s__defines_8h__dep__incl.pdf Graphic file (type pdf)
<use _free_r_t_o_s__defines_8h__dep__incl.pdf>
Package pdftex.def Info: _free_r_t_o_s__defines_8h__dep__incl.pdf  used on inpu
t line 26.
(pdftex.def)             Requested size: 350.0pt x 98.889pt.
 [76] [77]
Underfull \hbox (badness 10000) detected at line 136
[][][]
 []

) (./log_8h.tex <./log_8h__incl.pdf

pdfTeX warning: pdflatex (file ./log_8h__incl.pdf): PDF inclusion: multiple pdf
s with page group included in a single page
>
<log_8h__incl.pdf, id=1751, 226.8475pt x 167.62625pt>
File: log_8h__incl.pdf Graphic file (type pdf)
<use log_8h__incl.pdf>
Package pdftex.def Info: log_8h__incl.pdf  used on input line 15.
(pdftex.def)             Requested size: 226.0pt x 167.00172pt.
 <./log_8h__dep__incl.pdf

pdfTeX warning: pdflatex (file ./log_8h__dep__incl.pdf): PDF inclusion: multipl
e pdfs with page group included in a single page
>
<log_8h__dep__incl.pdf, id=1759, 924.45375pt x 178.6675pt>
File: log_8h__dep__incl.pdf Graphic file (type pdf)
<use log_8h__dep__incl.pdf>
Package pdftex.def Info: log_8h__dep__incl.pdf  used on input line 23.
(pdftex.def)             Requested size: 350.0pt x 67.64352pt.
 [78]
Underfull \hbox (badness 10000) detected at line 44
[][][]
 []


Package longtable Warning: Column widths have changed
(longtable)                in table 8.58 on input line 68.

[79]

Package longtable Warning: Column widths have changed
(longtable)                in table 8.59 on input line 97.


Package longtable Warning: Column widths have changed
(longtable)                in table 8.60 on input line 116.


Package longtable Warning: Column widths have changed
(longtable)                in table 8.61 on input line 135.

) (./project__config_8h.tex <./project__config_8h__incl.pdf

pdfTeX warning: pdflatex (file ./project__config_8h__incl.pdf): PDF inclusion: 
multiple pdfs with page group included in a single page
>
<project__config_8h__incl.pdf, id=1806, 357.335pt x 167.62625pt>
File: project__config_8h__incl.pdf Graphic file (type pdf)
<use project__config_8h__incl.pdf>
Package pdftex.def Info: project__config_8h__incl.pdf  used on input line 17.
(pdftex.def)             Requested size: 350.0pt x 164.1933pt.
 [80] <./project__config_8h__dep__incl.pdf

pdfTeX warning: pdflatex (file ./project__config_8h__dep__incl.pdf): PDF inclus
ion: multiple pdfs with page group included in a single page
>
<project__config_8h__dep__incl.pdf, id=1831, 2006.49625pt x 245.91875pt>
File: project__config_8h__dep__incl.pdf Graphic file (type pdf)
<use project__config_8h__dep__incl.pdf>
Package pdftex.def Info: project__config_8h__dep__incl.pdf  used on input line 
25.
(pdftex.def)             Requested size: 350.0pt x 42.89383pt.
 [81]
Overfull \hbox (91.56396pt too wide) in paragraph at lines 98--117
[] \T1/phv/m/n/10 , [] , [] , []
 []


Overfull \hbox (16.44897pt too wide) in paragraph at lines 98--117
[] \T1/phv/m/n/10 , [] , []
 []

[82]

Package longtable Warning: Column widths have changed
(longtable)                in table 8.62 on input line 209.

[83]

Package longtable Warning: Column widths have changed
(longtable)                in table 8.63 on input line 284.


Package longtable Warning: Column widths have changed
(longtable)                in table 8.64 on input line 304.

[84]

Package longtable Warning: Column widths have changed
(longtable)                in table 8.65 on input line 358.


Package longtable Warning: Column widths have changed
(longtable)                in table 8.66 on input line 378.

[85]) (./wifi__app_8h.tex [86] <./wifi__app_8h__incl.pdf

pdfTeX warning: pdflatex (file ./wifi__app_8h__incl.pdf): PDF inclusion: multip
le pdfs with page group included in a single page
>
<wifi__app_8h__incl.pdf, id=1989, 357.335pt x 223.83624pt>
File: wifi__app_8h__incl.pdf Graphic file (type pdf)
<use wifi__app_8h__incl.pdf>
Package pdftex.def Info: wifi__app_8h__incl.pdf  used on input line 15.
(pdftex.def)             Requested size: 350.0pt x 219.25214pt.
 <./wifi__app_8h__dep__incl.pdf

pdfTeX warning: pdflatex (file ./wifi__app_8h__dep__incl.pdf): PDF inclusion: m
ultiple pdfs with page group included in a single page
>
<wifi__app_8h__dep__incl.pdf, id=2004, 327.2225pt x 178.6675pt>
File: wifi__app_8h__dep__incl.pdf Graphic file (type pdf)
<use wifi__app_8h__dep__incl.pdf>
Package pdftex.def Info: wifi__app_8h__dep__incl.pdf  used on input line 23.
(pdftex.def)             Requested size: 326.0pt x 177.99911pt.
 [87]
Underfull \hbox (badness 10000) detected at line 38
[][][]
 []


Package longtable Warning: Column widths have changed
(longtable)                in table 8.67 on input line 60.


Underfull \hbox (badness 10000) detected at line 61
[][][]
 []


Package longtable Warning: Column widths have changed
(longtable)                in table 8.68 on input line 80.

[88]
Underfull \hbox (badness 10000) detected at line 81
[][][]
 []

) (./wifi__app_8c.tex <./wifi__app_8c__incl.pdf

pdfTeX warning: pdflatex (file ./wifi__app_8c__incl.pdf): PDF inclusion: multip
le pdfs with page group included in a single page
>
<wifi__app_8c__incl.pdf, id=2044, 1581.91pt x 280.04625pt>
File: wifi__app_8c__incl.pdf Graphic file (type pdf)
<use wifi__app_8c__incl.pdf>
Package pdftex.def Info: wifi__app_8c__incl.pdf  used on input line 25.
(pdftex.def)             Requested size: 350.0pt x 61.96075pt.
 [89]
Underfull \hbox (badness 10000) detected at line 61
[][][]
 []


Package longtable Warning: Column widths have changed
(longtable)                in table 8.69 on input line 83.


Underfull \hbox (badness 10000) detected at line 84
[][][]
 []


Package longtable Warning: Column widths have changed
(longtable)                in table 8.70 on input line 103.

[90]
Underfull \hbox (badness 10000) detected at line 104
[][][]
 []

) (./actuation__app_8c.tex <./actuation__app_8c__incl.pdf

pdfTeX warning: pdflatex (file ./actuation__app_8c__incl.pdf): PDF inclusion: m
ultiple pdfs with page group included in a single page
>
<actuation__app_8c__incl.pdf, id=2098, 1163.34625pt x 269.005pt>
File: actuation__app_8c__incl.pdf Graphic file (type pdf)
<use actuation__app_8c__incl.pdf>
Package pdftex.def Info: actuation__app_8c__incl.pdf  used on input line 18.
(pdftex.def)             Requested size: 350.0pt x 80.93198pt.

Underfull \hbox (badness 10000) detected at line 61
[][][]
 []

[91]

Package longtable Warning: Column widths have changed
(longtable)                in table 8.71 on input line 83.


Package longtable Warning: Column widths have changed
(longtable)                in table 8.72 on input line 98.


Underfull \hbox (badness 10000) detected at line 99
[][][]
 []

 <./actuation__app_8c_aa0ee6380a12bec5c937642a5abb11242_cgraph.pdf>
<actuation__app_8c_aa0ee6380a12bec5c937642a5abb11242_cgraph.pdf, id=2140, 328.2
2626pt x 100.375pt>
File: actuation__app_8c_aa0ee6380a12bec5c937642a5abb11242_cgraph.pdf Graphic fi
le (type pdf)
<use actuation__app_8c_aa0ee6380a12bec5c937642a5abb11242_cgraph.pdf>
Package pdftex.def Info: actuation__app_8c_aa0ee6380a12bec5c937642a5abb11242_cg
raph.pdf  used on input line 111.
(pdftex.def)             Requested size: 327.0pt x 100.00102pt.
 [92]

Package longtable Warning: Column widths have changed
(longtable)                in table 8.73 on input line 128.


Package longtable Warning: Column widths have changed
(longtable)                in table 8.74 on input line 143.

) (./comm__app_8c.tex <./comm__app_8c__incl.pdf>
<comm__app_8c__incl.pdf, id=2159, 1381.16pt x 269.005pt>
File: comm__app_8c__incl.pdf Graphic file (type pdf)
<use comm__app_8c__incl.pdf>
Package pdftex.def Info: comm__app_8c__incl.pdf  used on input line 23.
(pdftex.def)             Requested size: 350.0pt x 68.16641pt.
 [93]
Underfull \hbox (badness 10000) detected at line 69
[][][]
 []

[94]

Package longtable Warning: Column widths have changed
(longtable)                in table 8.75 on input line 91.


Package longtable Warning: Column widths have changed
(longtable)                in table 8.76 on input line 106.

) (./data__app_8c.tex <./data__app_8c__incl.pdf

pdfTeX warning: pdflatex (file ./data__app_8c__incl.pdf): PDF inclusion: multip
le pdfs with page group included in a single page
>
<data__app_8c__incl.pdf, id=2208, 605.26125pt x 269.005pt>
File: data__app_8c__incl.pdf Graphic file (type pdf)
<use data__app_8c__incl.pdf>
Package pdftex.def Info: data__app_8c__incl.pdf  used on input line 18.
(pdftex.def)             Requested size: 350.0pt x 155.55507pt.
 [95]
Underfull \hbox (badness 10000) detected at line 107
[][][]
 []

[96]

Package longtable Warning: Column widths have changed
(longtable)                in table 8.77 on input line 148.


Underfull \hbox (badness 10000) detected at line 149
[][][]
 []

 <./data__app_8c_aac152d624f3ab146d0188f8db6c2c6dc_cgraph.pdf

pdfTeX warning: pdflatex (file ./data__app_8c_aac152d624f3ab146d0188f8db6c2c6dc
_cgraph.pdf): PDF inclusion: multiple pdfs with page group included in a single
 page
>
<data__app_8c_aac152d624f3ab146d0188f8db6c2c6dc_cgraph.pdf, id=2282, 358.33875p
t x 100.375pt>
File: data__app_8c_aac152d624f3ab146d0188f8db6c2c6dc_cgraph.pdf Graphic file (t
ype pdf)
<use data__app_8c_aac152d624f3ab146d0188f8db6c2c6dc_cgraph.pdf>
Package pdftex.def Info: data__app_8c_aac152d624f3ab146d0188f8db6c2c6dc_cgraph.
pdf  used on input line 161.
(pdftex.def)             Requested size: 350.0pt x 98.04518pt.
 [97]
Underfull \hbox (badness 10000) detected at line 174
[][][]
 []


Package longtable Warning: Column widths have changed
(longtable)                in table 8.78 on input line 197.


Underfull \hbox (badness 10000) detected at line 198
[][][]
 []

[98]

Package longtable Warning: Column widths have changed
(longtable)                in table 8.79 on input line 221.


Underfull \hbox (badness 10000) detected at line 222
[][][]
 []


Package longtable Warning: Column widths have changed
(longtable)                in table 8.80 on input line 245.


Underfull \hbox (badness 10000) detected at line 246
[][][]
 []

[99]

Package longtable Warning: Column widths have changed
(longtable)                in table 8.81 on input line 269.


Underfull \hbox (badness 10000) detected at line 270
[][][]
 []

) (./actuation__app_8h.tex <./actuation__app_8h__incl.pdf

pdfTeX warning: pdflatex (file ./actuation__app_8h__incl.pdf): PDF inclusion: m
ultiple pdfs with page group included in a single page
>
<actuation__app_8h__incl.pdf, id=2319, 357.335pt x 223.83624pt>
File: actuation__app_8h__incl.pdf Graphic file (type pdf)
<use actuation__app_8h__incl.pdf>
Package pdftex.def Info: actuation__app_8h__incl.pdf  used on input line 14.
(pdftex.def)             Requested size: 350.0pt x 219.25214pt.
 <./actuation__app_8h__dep__incl.pdf

pdfTeX warning: pdflatex (file ./actuation__app_8h__dep__incl.pdf): PDF inclusi
on: multiple pdfs with page group included in a single page
>
<actuation__app_8h__dep__incl.pdf, id=2334, 208.78pt x 167.62625pt>
File: actuation__app_8h__dep__incl.pdf Graphic file (type pdf)
<use actuation__app_8h__dep__incl.pdf>
Package pdftex.def Info: actuation__app_8h__dep__incl.pdf  used on input line 2
2.
(pdftex.def)             Requested size: 208.0pt x 167.0094pt.
 [100]
Underfull \hbox (badness 10000) detected at line 45
[][][]
 []


Package longtable Warning: Column widths have changed
(longtable)                in table 8.82 on input line 67.


Package longtable Warning: Column widths have changed
(longtable)                in table 8.83 on input line 82.


Overfull \vbox (6.88647pt too high) has occurred while \output is active []


[101]
Underfull \hbox (badness 10000) detected at line 83
[][][]
 []

 <./actuation__app_8h_aa0ee6380a12bec5c937642a5abb11242_cgraph.pdf

pdfTeX warning: pdflatex (file ./actuation__app_8h_aa0ee6380a12bec5c937642a5abb
11242_cgraph.pdf): PDF inclusion: multiple pdfs with page group included in a s
ingle page
>
<actuation__app_8h_aa0ee6380a12bec5c937642a5abb11242_cgraph.pdf, id=2373, 328.2
2626pt x 100.375pt>
File: actuation__app_8h_aa0ee6380a12bec5c937642a5abb11242_cgraph.pdf Graphic fi
le (type pdf)
<use actuation__app_8h_aa0ee6380a12bec5c937642a5abb11242_cgraph.pdf>
Package pdftex.def Info: actuation__app_8h_aa0ee6380a12bec5c937642a5abb11242_cg
raph.pdf  used on input line 95.
(pdftex.def)             Requested size: 327.0pt x 100.00102pt.


Package longtable Warning: Column widths have changed
(longtable)                in table 8.84 on input line 112.

) (./data__app_8h.tex <./data__app_8h__incl.pdf

pdfTeX warning: pdflatex (file ./data__app_8h__incl.pdf): PDF inclusion: multip
le pdfs with page group included in a single page
>
<data__app_8h__incl.pdf, id=2381, 357.335pt x 212.795pt>
File: data__app_8h__incl.pdf Graphic file (type pdf)
<use data__app_8h__incl.pdf>
Package pdftex.def Info: data__app_8h__incl.pdf  used on input line 15.
(pdftex.def)             Requested size: 350.0pt x 208.437pt.
 [102] <./data__app_8h__dep__incl.pdf>
<data__app_8h__dep__incl.pdf, id=2405, 305.14pt x 156.585pt>
File: data__app_8h__dep__incl.pdf Graphic file (type pdf)
<use data__app_8h__dep__incl.pdf>
Package pdftex.def Info: data__app_8h__dep__incl.pdf  used on input line 23.
(pdftex.def)             Requested size: 304.0pt x 156.0064pt.
 [103]
Underfull \hbox (badness 10000) detected at line 81
[][][]
 []


Package longtable Warning: Column widths have changed
(longtable)                in table 8.85 on input line 101.


Underfull \hbox (badness 10000) detected at line 102
[][][]
 []

 <./data__app_8h_aac152d624f3ab146d0188f8db6c2c6dc_cgraph.pdf>
<data__app_8h_aac152d624f3ab146d0188f8db6c2c6dc_cgraph.pdf, id=2437, 358.33875p
t x 100.375pt>
File: data__app_8h_aac152d624f3ab146d0188f8db6c2c6dc_cgraph.pdf Graphic file (t
ype pdf)
<use data__app_8h_aac152d624f3ab146d0188f8db6c2c6dc_cgraph.pdf>
Package pdftex.def Info: data__app_8h_aac152d624f3ab146d0188f8db6c2c6dc_cgraph.
pdf  used on input line 114.
(pdftex.def)             Requested size: 350.0pt x 98.04518pt.
 [104]
Underfull \hbox (badness 10000) detected at line 127
[][][]
 []


Package longtable Warning: Column widths have changed
(longtable)                in table 8.86 on input line 150.


Underfull \hbox (badness 10000) detected at line 151
[][][]
 []

[105]

Package longtable Warning: Column widths have changed
(longtable)                in table 8.87 on input line 174.


Underfull \hbox (badness 10000) detected at line 175
[][][]
 []


Package longtable Warning: Column widths have changed
(longtable)                in table 8.88 on input line 198.


Underfull \hbox (badness 10000) detected at line 199
[][][]
 []

[106]

Package longtable Warning: Column widths have changed
(longtable)                in table 8.89 on input line 222.


Underfull \hbox (badness 10000) detected at line 223
[][][]
 []

) [107] [108

]
No file refman.ind.

Package longtable Warning: Table widths have changed. Rerun LaTeX.

(./refman.aux)

LaTeX Warning: There were undefined references.


LaTeX Warning: Label(s) may have changed. Rerun to get cross-references right.


Package rerunfilecheck Warning: File `refman.out' has changed.
(rerunfilecheck)                Rerun to get outlines right
(rerunfilecheck)                or use package `bookmark'.

Package rerunfilecheck Info: Checksums for `refman.out':
(rerunfilecheck)             Before: <no file>
(rerunfilecheck)             After:  60D3EF2EAC7FABA8F9E6586E857E1069;56978.
 ) 
Here is how much of TeX's memory you used:
 19430 strings out of 480247
 353515 string characters out of 5896151
 610090 words of memory out of 5000000
 36035 multiletter control sequences out of 15000+600000
 532166 words of font info for 118 fonts, out of 8000000 for 9000
 14 hyphenation exceptions out of 8191
 99i,16n,117p,775b,634s stack positions out of 5000i,500n,10000p,200000b,80000s
{/usr/share/texlive/texmf-dist/fonts/enc/dvips/base/8r.enc}</usr/share/texliv
e/texmf-dist/fonts/type1/public/amsfonts/cm/cmmi10.pfb></usr/share/texlive/texm
f-dist/fonts/type1/public/amsfonts/cm/cmmi12.pfb></usr/share/texlive/texmf-dist
/fonts/type1/public/amsfonts/cm/cmmi7.pfb></usr/share/texlive/texmf-dist/fonts/
type1/public/amsfonts/cm/cmsy10.pfb></usr/share/texlive/texmf-dist/fonts/type1/
public/amsfonts/cm/cmsy7.pfb></usr/share/texlive/texmf-dist/fonts/type1/public/
amsfonts/cm/cmsy8.pfb></usr/share/texlive/texmf-dist/fonts/type1/urw/courier/uc
rr8a.pfb></usr/share/texlive/texmf-dist/fonts/type1/urw/courier/ucrro8a.pfb></u
sr/share/texlive/texmf-dist/fonts/type1/urw/helvetic/uhvb8a.pfb></usr/share/tex
live/texmf-dist/fonts/type1/urw/helvetic/uhvb8ac.pfb></usr/share/texlive/texmf-
dist/fonts/type1/urw/helvetic/uhvr8a.pfb></usr/share/texlive/texmf-dist/fonts/t
ype1/urw/helvetic/uhvro8a.pfb>
Output written on refman.pdf (110 pages, 795674 bytes).
PDF statistics:
 2742 PDF objects out of 2984 (max. 8388607)
 2293 compressed objects within 23 object streams
 947 named destinations out of 1000 (max. 500000)
 366 words of extra memory for PDF output out of 10000 (max. 10000000)

